CRITICAL - 2025-02-18 05:31:15 --> Request URI segment is out of range: 1
#0 C:\Users\redmibook\Videos\CBT\system\HTTP\URI.php(529): CodeIgniter\HTTP\Exceptions\HTTPException::forURISegmentOutOfRange(1)
#1 C:\Users\redmibook\Videos\CBT\app\Views\menu.php(2): CodeIgniter\HTTP\URI->getSegment(1)
#2 C:\Users\redmibook\Videos\CBT\system\View\View.php(210): include('C:\\Users\\redmib...')
#3 C:\Users\redmibook\Videos\CBT\system\View\View.php(213): CodeIgniter\View\View->CodeIgniter\View\{closure}()
#4 C:\Users\redmibook\Videos\CBT\system\Common.php(1089): CodeIgniter\View\View->render('menu', Array, true)
#5 C:\Users\redmibook\Videos\CBT\app\Controllers\Home.php(15): view('menu')
#6 C:\Users\redmibook\Videos\CBT\system\CodeIgniter.php(832): App\Controllers\Home->index()
#7 C:\Users\redmibook\Videos\CBT\system\CodeIgniter.php(419): CodeIgniter\CodeIgniter->runController(Object(App\Controllers\Home))
#8 C:\Users\redmibook\Videos\CBT\system\CodeIgniter.php(326): CodeIgniter\CodeIgniter->handleRequest(NULL, Object(Config\Cache), false)
#9 C:\Users\redmibook\Videos\CBT\public\index.php(37): CodeIgniter\CodeIgniter->run()
#10 C:\Users\redmibook\Videos\CBT\system\Commands\Server\rewrite.php(43): require_once('C:\\Users\\redmib...')
#11 {main}
CRITICAL - 2025-02-18 06:48:51 --> Request URI segment is out of range: 1
#0 C:\Users\redmibook\Videos\CBT\system\HTTP\URI.php(529): CodeIgniter\HTTP\Exceptions\HTTPException::forURISegmentOutOfRange(1)
#1 C:\Users\redmibook\Videos\CBT\app\Views\menu.php(2): CodeIgniter\HTTP\URI->getSegment(1)
#2 C:\Users\redmibook\Videos\CBT\system\View\View.php(210): include('C:\\Users\\redmib...')
#3 C:\Users\redmibook\Videos\CBT\system\View\View.php(213): CodeIgniter\View\View->CodeIgniter\View\{closure}()
#4 C:\Users\redmibook\Videos\CBT\system\Common.php(1089): CodeIgniter\View\View->render('menu', Array, true)
#5 C:\Users\redmibook\Videos\CBT\app\Controllers\Home.php(19): view('menu')
#6 C:\Users\redmibook\Videos\CBT\system\CodeIgniter.php(832): App\Controllers\Home->index()
#7 C:\Users\redmibook\Videos\CBT\system\CodeIgniter.php(419): CodeIgniter\CodeIgniter->runController(Object(App\Controllers\Home))
#8 C:\Users\redmibook\Videos\CBT\system\CodeIgniter.php(326): CodeIgniter\CodeIgniter->handleRequest(NULL, Object(Config\Cache), false)
#9 C:\Users\redmibook\Videos\CBT\public\index.php(37): CodeIgniter\CodeIgniter->run()
#10 C:\Users\redmibook\Videos\CBT\system\Commands\Server\rewrite.php(43): require_once('C:\\Users\\redmib...')
#11 {main}
CRITICAL - 2025-02-18 07:14:57 --> Too few arguments to function App\Controllers\Home::answer(), 0 passed in C:\Users\redmibook\Videos\CBT\system\CodeIgniter.php on line 832 and exactly 1 expected
#0 C:\Users\redmibook\Videos\CBT\system\CodeIgniter.php(832): App\Controllers\Home->answer()
#1 C:\Users\redmibook\Videos\CBT\system\CodeIgniter.php(419): CodeIgniter\CodeIgniter->runController(Object(App\Controllers\Home))
#2 C:\Users\redmibook\Videos\CBT\system\CodeIgniter.php(326): CodeIgniter\CodeIgniter->handleRequest(NULL, Object(Config\Cache), false)
#3 C:\Users\redmibook\Videos\CBT\public\index.php(37): CodeIgniter\CodeIgniter->run()
#4 C:\Users\redmibook\Videos\CBT\system\Commands\Server\rewrite.php(43): require_once('C:\\Users\\redmib...')
#5 {main}
CRITICAL - 2025-02-18 07:15:06 --> Too few arguments to function App\Controllers\Home::answer(), 0 passed in C:\Users\redmibook\Videos\CBT\system\CodeIgniter.php on line 832 and exactly 1 expected
#0 C:\Users\redmibook\Videos\CBT\system\CodeIgniter.php(832): App\Controllers\Home->answer()
#1 C:\Users\redmibook\Videos\CBT\system\CodeIgniter.php(419): CodeIgniter\CodeIgniter->runController(Object(App\Controllers\Home))
#2 C:\Users\redmibook\Videos\CBT\system\CodeIgniter.php(326): CodeIgniter\CodeIgniter->handleRequest(NULL, Object(Config\Cache), false)
#3 C:\Users\redmibook\Videos\CBT\public\index.php(37): CodeIgniter\CodeIgniter->run()
#4 C:\Users\redmibook\Videos\CBT\system\Commands\Server\rewrite.php(43): require_once('C:\\Users\\redmib...')
#5 {main}
CRITICAL - 2025-02-18 07:15:46 --> Call to undefined method stdClass::getRow()
#0 C:\Users\redmibook\Videos\CBT\system\CodeIgniter.php(832): App\Controllers\Home->answer('2')
#1 C:\Users\redmibook\Videos\CBT\system\CodeIgniter.php(419): CodeIgniter\CodeIgniter->runController(Object(App\Controllers\Home))
#2 C:\Users\redmibook\Videos\CBT\system\CodeIgniter.php(326): CodeIgniter\CodeIgniter->handleRequest(NULL, Object(Config\Cache), false)
#3 C:\Users\redmibook\Videos\CBT\public\index.php(37): CodeIgniter\CodeIgniter->run()
#4 C:\Users\redmibook\Videos\CBT\system\Commands\Server\rewrite.php(43): require_once('C:\\Users\\redmib...')
#5 {main}
CRITICAL - 2025-02-18 07:16:34 --> Attempt to assign property 'options' of non-object
#0 C:\Users\redmibook\Videos\CBT\app\Controllers\Home.php(305): CodeIgniter\Debug\Exceptions->errorHandler(2, 'Attempt to assi...', 'C:\\Users\\redmib...', 305, Array)
#1 C:\Users\redmibook\Videos\CBT\system\CodeIgniter.php(832): App\Controllers\Home->answer('2')
#2 C:\Users\redmibook\Videos\CBT\system\CodeIgniter.php(419): CodeIgniter\CodeIgniter->runController(Object(App\Controllers\Home))
#3 C:\Users\redmibook\Videos\CBT\system\CodeIgniter.php(326): CodeIgniter\CodeIgniter->handleRequest(NULL, Object(Config\Cache), false)
#4 C:\Users\redmibook\Videos\CBT\public\index.php(37): CodeIgniter\CodeIgniter->run()
#5 C:\Users\redmibook\Videos\CBT\system\Commands\Server\rewrite.php(43): require_once('C:\\Users\\redmib...')
#6 {main}
CRITICAL - 2025-02-18 07:16:56 --> Attempt to assign property 'option' of non-object
#0 C:\Users\redmibook\Videos\CBT\app\Controllers\Home.php(305): CodeIgniter\Debug\Exceptions->errorHandler(2, 'Attempt to assi...', 'C:\\Users\\redmib...', 305, Array)
#1 C:\Users\redmibook\Videos\CBT\system\CodeIgniter.php(832): App\Controllers\Home->answer('2')
#2 C:\Users\redmibook\Videos\CBT\system\CodeIgniter.php(419): CodeIgniter\CodeIgniter->runController(Object(App\Controllers\Home))
#3 C:\Users\redmibook\Videos\CBT\system\CodeIgniter.php(326): CodeIgniter\CodeIgniter->handleRequest(NULL, Object(Config\Cache), false)
#4 C:\Users\redmibook\Videos\CBT\public\index.php(37): CodeIgniter\CodeIgniter->run()
#5 C:\Users\redmibook\Videos\CBT\system\Commands\Server\rewrite.php(43): require_once('C:\\Users\\redmib...')
#6 {main}
CRITICAL - 2025-02-18 07:25:40 --> Invalid argument supplied for foreach()
#0 C:\Users\redmibook\Videos\CBT\app\Views\answer.php(53): CodeIgniter\Debug\Exceptions->errorHandler(2, 'Invalid argumen...', 'C:\\Users\\redmib...', 53, Array)
#1 C:\Users\redmibook\Videos\CBT\system\View\View.php(210): include('C:\\Users\\redmib...')
#2 C:\Users\redmibook\Videos\CBT\system\View\View.php(213): CodeIgniter\View\View->CodeIgniter\View\{closure}()
#3 C:\Users\redmibook\Videos\CBT\system\Common.php(1089): CodeIgniter\View\View->render('answer', Array, true)
#4 C:\Users\redmibook\Videos\CBT\app\Controllers\Home.php(308): view('answer', Array)
#5 C:\Users\redmibook\Videos\CBT\system\CodeIgniter.php(832): App\Controllers\Home->answer('1')
#6 C:\Users\redmibook\Videos\CBT\system\CodeIgniter.php(419): CodeIgniter\CodeIgniter->runController(Object(App\Controllers\Home))
#7 C:\Users\redmibook\Videos\CBT\system\CodeIgniter.php(326): CodeIgniter\CodeIgniter->handleRequest(NULL, Object(Config\Cache), false)
#8 C:\Users\redmibook\Videos\CBT\public\index.php(37): CodeIgniter\CodeIgniter->run()
#9 C:\Users\redmibook\Videos\CBT\system\Commands\Server\rewrite.php(43): require_once('C:\\Users\\redmib...')
#10 {main}
CRITICAL - 2025-02-18 21:54:07 --> Request URI segment is out of range: 1
#0 C:\Users\redmibook\Videos\CBT\system\HTTP\URI.php(529): CodeIgniter\HTTP\Exceptions\HTTPException::forURISegmentOutOfRange(1)
#1 C:\Users\redmibook\Videos\CBT\app\Views\menu.php(2): CodeIgniter\HTTP\URI->getSegment(1)
#2 C:\Users\redmibook\Videos\CBT\system\View\View.php(210): include('C:\\Users\\redmib...')
#3 C:\Users\redmibook\Videos\CBT\system\View\View.php(213): CodeIgniter\View\View->CodeIgniter\View\{closure}()
#4 C:\Users\redmibook\Videos\CBT\system\Common.php(1089): CodeIgniter\View\View->render('menu', Array, true)
#5 C:\Users\redmibook\Videos\CBT\app\Controllers\Home.php(19): view('menu')
#6 C:\Users\redmibook\Videos\CBT\system\CodeIgniter.php(832): App\Controllers\Home->index()
#7 C:\Users\redmibook\Videos\CBT\system\CodeIgniter.php(419): CodeIgniter\CodeIgniter->runController(Object(App\Controllers\Home))
#8 C:\Users\redmibook\Videos\CBT\system\CodeIgniter.php(326): CodeIgniter\CodeIgniter->handleRequest(NULL, Object(Config\Cache), false)
#9 C:\Users\redmibook\Videos\CBT\public\index.php(37): CodeIgniter\CodeIgniter->run()
#10 C:\Users\redmibook\Videos\CBT\system\Commands\Server\rewrite.php(43): require_once('C:\\Users\\redmib...')
#11 {main}
