CRITICAL - 2025-03-09 01:23:24 --> Call to a member function getAttemptCount() on null
#0 G:\My Drive\CBT\system\View\View.php(210): include()
#1 G:\My Drive\CBT\system\View\View.php(213): CodeIgniter\View\View->CodeIgniter\View\{closure}()
#2 G:\My Drive\CBT\system\Common.php(1089): CodeIgniter\View\View->render('detail-page', Array, true)
#3 G:\My Drive\CBT\app\Controllers\Home.php(316): view('detail-page', Array)
#4 G:\My Drive\CBT\system\CodeIgniter.php(832): App\Controllers\Home->detail('23')
#5 G:\My Drive\CBT\system\CodeIgniter.php(419): CodeIgniter\CodeIgniter->runController(Object(App\Controllers\Home))
#6 G:\My Drive\CBT\system\CodeIgniter.php(326): CodeIgniter\CodeIgniter->handleRequest(NULL, Object(Config\Cache), false)
#7 G:\My Drive\CBT\public\index.php(37): CodeIgniter\CodeIgniter->run()
#8 G:\My Drive\CBT\system\Commands\Server\rewrite.php(43): require_once('G:\\My Drive\\CBT...')
#9 {main}
CRITICAL - 2025-03-09 01:25:05 --> Call to a member function getAttemptCount() on null
#0 G:\My Drive\CBT\system\View\View.php(210): include()
#1 G:\My Drive\CBT\system\View\View.php(213): CodeIgniter\View\View->CodeIgniter\View\{closure}()
#2 G:\My Drive\CBT\system\Common.php(1089): CodeIgniter\View\View->render('detail-page', Array, true)
#3 G:\My Drive\CBT\app\Controllers\Home.php(316): view('detail-page', Array)
#4 G:\My Drive\CBT\system\CodeIgniter.php(832): App\Controllers\Home->detail('23')
#5 G:\My Drive\CBT\system\CodeIgniter.php(419): CodeIgniter\CodeIgniter->runController(Object(App\Controllers\Home))
#6 G:\My Drive\CBT\system\CodeIgniter.php(326): CodeIgniter\CodeIgniter->handleRequest(NULL, Object(Config\Cache), false)
#7 G:\My Drive\CBT\public\index.php(37): CodeIgniter\CodeIgniter->run()
#8 G:\My Drive\CBT\system\Commands\Server\rewrite.php(43): require_once('G:\\My Drive\\CBT...')
#9 {main}
CRITICAL - 2025-03-09 01:25:12 --> Call to a member function getAttemptCount() on null
#0 G:\My Drive\CBT\system\View\View.php(210): include()
#1 G:\My Drive\CBT\system\View\View.php(213): CodeIgniter\View\View->CodeIgniter\View\{closure}()
#2 G:\My Drive\CBT\system\Common.php(1089): CodeIgniter\View\View->render('detail-page', Array, true)
#3 G:\My Drive\CBT\app\Controllers\Home.php(316): view('detail-page', Array)
#4 G:\My Drive\CBT\system\CodeIgniter.php(832): App\Controllers\Home->detail('23')
#5 G:\My Drive\CBT\system\CodeIgniter.php(419): CodeIgniter\CodeIgniter->runController(Object(App\Controllers\Home))
#6 G:\My Drive\CBT\system\CodeIgniter.php(326): CodeIgniter\CodeIgniter->handleRequest(NULL, Object(Config\Cache), false)
#7 G:\My Drive\CBT\public\index.php(37): CodeIgniter\CodeIgniter->run()
#8 G:\My Drive\CBT\system\Commands\Server\rewrite.php(43): require_once('G:\\My Drive\\CBT...')
#9 {main}
CRITICAL - 2025-03-09 01:38:38 --> Call to a member function getAttemptCount() on null
#0 G:\My Drive\CBT\system\View\View.php(210): include()
#1 G:\My Drive\CBT\system\View\View.php(213): CodeIgniter\View\View->CodeIgniter\View\{closure}()
#2 G:\My Drive\CBT\system\Common.php(1089): CodeIgniter\View\View->render('detail-page', Array, true)
#3 G:\My Drive\CBT\app\Controllers\Home.php(316): view('detail-page', Array)
#4 G:\My Drive\CBT\system\CodeIgniter.php(832): App\Controllers\Home->detail('23')
#5 G:\My Drive\CBT\system\CodeIgniter.php(419): CodeIgniter\CodeIgniter->runController(Object(App\Controllers\Home))
#6 G:\My Drive\CBT\system\CodeIgniter.php(326): CodeIgniter\CodeIgniter->handleRequest(NULL, Object(Config\Cache), false)
#7 G:\My Drive\CBT\public\index.php(37): CodeIgniter\CodeIgniter->run()
#8 G:\My Drive\CBT\system\Commands\Server\rewrite.php(43): require_once('G:\\My Drive\\CBT...')
#9 {main}
CRITICAL - 2025-03-09 01:45:52 --> Call to a member function getAttemptCount() on null
#0 G:\My Drive\CBT\system\View\View.php(210): include()
#1 G:\My Drive\CBT\system\View\View.php(213): CodeIgniter\View\View->CodeIgniter\View\{closure}()
#2 G:\My Drive\CBT\system\Common.php(1089): CodeIgniter\View\View->render('detail-page', Array, true)
#3 G:\My Drive\CBT\app\Controllers\Home.php(316): view('detail-page', Array)
#4 G:\My Drive\CBT\system\CodeIgniter.php(832): App\Controllers\Home->detail('23')
#5 G:\My Drive\CBT\system\CodeIgniter.php(419): CodeIgniter\CodeIgniter->runController(Object(App\Controllers\Home))
#6 G:\My Drive\CBT\system\CodeIgniter.php(326): CodeIgniter\CodeIgniter->handleRequest(NULL, Object(Config\Cache), false)
#7 G:\My Drive\CBT\public\index.php(37): CodeIgniter\CodeIgniter->run()
#8 G:\My Drive\CBT\system\Commands\Server\rewrite.php(43): require_once('G:\\My Drive\\CBT...')
#9 {main}
CRITICAL - 2025-03-09 01:47:23 --> Call to a member function getAttemptCount() on null
#0 G:\My Drive\CBT\system\View\View.php(210): include()
#1 G:\My Drive\CBT\system\View\View.php(213): CodeIgniter\View\View->CodeIgniter\View\{closure}()
#2 G:\My Drive\CBT\system\Common.php(1089): CodeIgniter\View\View->render('detail-page', Array, true)
#3 G:\My Drive\CBT\app\Controllers\Home.php(316): view('detail-page', Array)
#4 G:\My Drive\CBT\system\CodeIgniter.php(832): App\Controllers\Home->detail('23')
#5 G:\My Drive\CBT\system\CodeIgniter.php(419): CodeIgniter\CodeIgniter->runController(Object(App\Controllers\Home))
#6 G:\My Drive\CBT\system\CodeIgniter.php(326): CodeIgniter\CodeIgniter->handleRequest(NULL, Object(Config\Cache), false)
#7 G:\My Drive\CBT\public\index.php(37): CodeIgniter\CodeIgniter->run()
#8 G:\My Drive\CBT\system\Commands\Server\rewrite.php(43): require_once('G:\\My Drive\\CBT...')
#9 {main}
CRITICAL - 2025-03-09 01:49:10 --> Call to a member function getAttemptCount() on null
#0 G:\My Drive\CBT\system\View\View.php(210): include()
#1 G:\My Drive\CBT\system\View\View.php(213): CodeIgniter\View\View->CodeIgniter\View\{closure}()
#2 G:\My Drive\CBT\system\Common.php(1089): CodeIgniter\View\View->render('detail-page', Array, true)
#3 G:\My Drive\CBT\app\Controllers\Home.php(316): view('detail-page', Array)
#4 G:\My Drive\CBT\system\CodeIgniter.php(832): App\Controllers\Home->detail('23')
#5 G:\My Drive\CBT\system\CodeIgniter.php(419): CodeIgniter\CodeIgniter->runController(Object(App\Controllers\Home))
#6 G:\My Drive\CBT\system\CodeIgniter.php(326): CodeIgniter\CodeIgniter->handleRequest(NULL, Object(Config\Cache), false)
#7 G:\My Drive\CBT\public\index.php(37): CodeIgniter\CodeIgniter->run()
#8 G:\My Drive\CBT\system\Commands\Server\rewrite.php(43): require_once('G:\\My Drive\\CBT...')
#9 {main}
ERROR - 2025-03-09 03:04:20 --> Unknown column 'date_submitted' in 'field list'
ERROR - 2025-03-09 03:04:28 --> Unknown column 'date_submitted' in 'field list'
ERROR - 2025-03-09 03:04:37 --> Unknown column 'date_submitted' in 'field list'
ERROR - 2025-03-09 03:04:45 --> Unknown column 'date_submitted' in 'field list'
ERROR - 2025-03-09 03:04:53 --> Unknown column 'date_submitted' in 'field list'
ERROR - 2025-03-09 03:05:00 --> Unknown column 'date_submitted' in 'field list'
ERROR - 2025-03-09 03:05:07 --> Unknown column 'date_submitted' in 'field list'
ERROR - 2025-03-09 03:05:14 --> Unknown column 'date_submitted' in 'field list'
ERROR - 2025-03-09 03:05:22 --> Unknown column 'date_submitted' in 'field list'
ERROR - 2025-03-09 03:05:29 --> Unknown column 'date_submitted' in 'field list'
ERROR - 2025-03-09 03:10:52 --> Unknown column 'date_submitted' in 'field list'
ERROR - 2025-03-09 03:11:00 --> Unknown column 'date_submitted' in 'field list'
ERROR - 2025-03-09 03:11:07 --> Unknown column 'date_submitted' in 'field list'
ERROR - 2025-03-09 03:11:14 --> Unknown column 'date_submitted' in 'field list'
ERROR - 2025-03-09 03:11:21 --> Unknown column 'date_submitted' in 'field list'
ERROR - 2025-03-09 03:11:29 --> Unknown column 'date_submitted' in 'field list'
CRITICAL - 2025-03-09 06:33:34 --> Request URI segment is out of range: 1
#0 G:\My Drive\CBT\system\HTTP\URI.php(529): CodeIgniter\HTTP\Exceptions\HTTPException::forURISegmentOutOfRange(1)
#1 G:\My Drive\CBT\app\Views\menu.php(2): CodeIgniter\HTTP\URI->getSegment(1)
#2 G:\My Drive\CBT\system\View\View.php(210): include('G:\\My Drive\\CBT...')
#3 G:\My Drive\CBT\system\View\View.php(213): CodeIgniter\View\View->CodeIgniter\View\{closure}()
#4 G:\My Drive\CBT\system\Common.php(1089): CodeIgniter\View\View->render('menu', Array, true)
#5 G:\My Drive\CBT\app\Controllers\Home.php(28): view('menu')
#6 G:\My Drive\CBT\system\CodeIgniter.php(832): App\Controllers\Home->index()
#7 G:\My Drive\CBT\system\CodeIgniter.php(419): CodeIgniter\CodeIgniter->runController(Object(App\Controllers\Home))
#8 G:\My Drive\CBT\system\CodeIgniter.php(326): CodeIgniter\CodeIgniter->handleRequest(NULL, Object(Config\Cache), false)
#9 G:\My Drive\CBT\public\index.php(37): CodeIgniter\CodeIgniter->run()
#10 G:\My Drive\CBT\system\Commands\Server\rewrite.php(43): require_once('G:\\My Drive\\CBT...')
#11 {main}
CRITICAL - 2025-03-09 10:51:51 --> syntax error, unexpected ';', expecting ')'
#0 G:\My Drive\CBT\system\Router\Router.php(175): CodeIgniter\Router\Router->autoRoute('home/submit')
#1 G:\My Drive\CBT\system\CodeIgniter.php(726): CodeIgniter\Router\Router->handle('home/submit')
#2 G:\My Drive\CBT\system\CodeIgniter.php(368): CodeIgniter\CodeIgniter->tryToRouteIt(Object(CodeIgniter\Router\RouteCollection))
#3 G:\My Drive\CBT\system\CodeIgniter.php(326): CodeIgniter\CodeIgniter->handleRequest(NULL, Object(Config\Cache), false)
#4 G:\My Drive\CBT\public\index.php(37): CodeIgniter\CodeIgniter->run()
#5 G:\My Drive\CBT\system\Commands\Server\rewrite.php(43): require_once('G:\\My Drive\\CBT...')
#6 {main}
CRITICAL - 2025-03-09 23:03:00 --> Call to a member function insertID() on null
#0 G:\My Drive\CBT\system\CodeIgniter.php(832): App\Controllers\Home->submit()
#1 G:\My Drive\CBT\system\CodeIgniter.php(419): CodeIgniter\CodeIgniter->runController(Object(App\Controllers\Home))
#2 G:\My Drive\CBT\system\CodeIgniter.php(326): CodeIgniter\CodeIgniter->handleRequest(NULL, Object(Config\Cache), false)
#3 G:\My Drive\CBT\public\index.php(37): CodeIgniter\CodeIgniter->run()
#4 G:\My Drive\CBT\system\Commands\Server\rewrite.php(43): require_once('G:\\My Drive\\CBT...')
#5 {main}
ERROR - 2025-03-09 23:04:26 --> Unknown column 'id' in 'where clause'
ERROR - 2025-03-09 23:17:24 --> Unknown column 'id' in 'where clause'
ERROR - 2025-03-09 23:22:32 --> Unknown column 'id' in 'where clause'
CRITICAL - 2025-03-09 23:30:18 --> Creating default object from empty value
#0 G:\My Drive\CBT\app\Controllers\Home.php(371): CodeIgniter\Debug\Exceptions->errorHandler(2, 'Creating defaul...', 'G:\\My Drive\\CBT...', 371, Array)
#1 G:\My Drive\CBT\system\CodeIgniter.php(832): App\Controllers\Home->answer('25')
#2 G:\My Drive\CBT\system\CodeIgniter.php(419): CodeIgniter\CodeIgniter->runController(Object(App\Controllers\Home))
#3 G:\My Drive\CBT\system\CodeIgniter.php(326): CodeIgniter\CodeIgniter->handleRequest(NULL, Object(Config\Cache), false)
#4 G:\My Drive\CBT\public\index.php(37): CodeIgniter\CodeIgniter->run()
#5 G:\My Drive\CBT\system\Commands\Server\rewrite.php(43): require_once('G:\\My Drive\\CBT...')
#6 {main}
ERROR - 2025-03-09 23:31:22 --> Unknown column 'id' in 'where clause'
ERROR - 2025-03-09 23:32:57 --> Unknown column 'id' in 'where clause'
ERROR - 2025-03-09 23:34:55 --> Unknown column 'id' in 'where clause'
ERROR - 2025-03-09 23:39:30 --> Unknown column 'id' in 'where clause'
ERROR - 2025-03-09 23:41:51 --> Unknown column 'id' in 'where clause'
ERROR - 2025-03-09 23:42:49 --> Unknown column 'id' in 'where clause'
ERROR - 2025-03-09 23:47:38 --> Unknown column 'id' in 'where clause'
CRITICAL - 2025-03-09 11:58:39 --> syntax error, unexpected 'public' (T_PUBLIC)
#0 G:\My Drive\CBT\system\Router\Router.php(175): CodeIgniter\Router\Router->autoRoute('home/detail/25')
#1 G:\My Drive\CBT\system\CodeIgniter.php(726): CodeIgniter\Router\Router->handle('home/detail/25')
#2 G:\My Drive\CBT\system\CodeIgniter.php(368): CodeIgniter\CodeIgniter->tryToRouteIt(Object(CodeIgniter\Router\RouteCollection))
#3 G:\My Drive\CBT\system\CodeIgniter.php(326): CodeIgniter\CodeIgniter->handleRequest(NULL, Object(Config\Cache), false)
#4 G:\My Drive\CBT\public\index.php(37): CodeIgniter\CodeIgniter->run()
#5 G:\My Drive\CBT\system\Commands\Server\rewrite.php(43): require_once('G:\\My Drive\\CBT...')
#6 {main}
CRITICAL - 2025-03-09 11:58:53 --> syntax error, unexpected 'public' (T_PUBLIC)
#0 G:\My Drive\CBT\system\Router\Router.php(175): CodeIgniter\Router\Router->autoRoute('home/detail/25')
#1 G:\My Drive\CBT\system\CodeIgniter.php(726): CodeIgniter\Router\Router->handle('home/detail/25')
#2 G:\My Drive\CBT\system\CodeIgniter.php(368): CodeIgniter\CodeIgniter->tryToRouteIt(Object(CodeIgniter\Router\RouteCollection))
#3 G:\My Drive\CBT\system\CodeIgniter.php(326): CodeIgniter\CodeIgniter->handleRequest(NULL, Object(Config\Cache), false)
#4 G:\My Drive\CBT\public\index.php(37): CodeIgniter\CodeIgniter->run()
#5 G:\My Drive\CBT\system\Commands\Server\rewrite.php(43): require_once('G:\\My Drive\\CBT...')
#6 {main}
CRITICAL - 2025-03-09 13:29:30 --> Call to undefined method CodeIgniter\Database\MySQLi\Connection::get()
#0 G:\My Drive\CBT\app\Controllers\Home.php(1040): App\Models\M_belajar->getAttemptsTable('25')
#1 G:\My Drive\CBT\system\CodeIgniter.php(832): App\Controllers\Home->attempts_list('25')
#2 G:\My Drive\CBT\system\CodeIgniter.php(419): CodeIgniter\CodeIgniter->runController(Object(App\Controllers\Home))
#3 G:\My Drive\CBT\system\CodeIgniter.php(326): CodeIgniter\CodeIgniter->handleRequest(NULL, Object(Config\Cache), false)
#4 G:\My Drive\CBT\public\index.php(37): CodeIgniter\CodeIgniter->run()
#5 G:\My Drive\CBT\system\Commands\Server\rewrite.php(43): require_once('G:\\My Drive\\CBT...')
#6 {main}
ERROR - 2025-03-09 13:31:27 --> Table 'cbt.user_answers' doesn't exist
CRITICAL - 2025-03-09 13:31:27 --> Call to a member function getResult() on bool
#0 G:\My Drive\CBT\app\Models\M_belajar.php(254): App\Models\M_belajar->getWhereOpt('user_answers', Array, false)
#1 G:\My Drive\CBT\app\Controllers\Home.php(1040): App\Models\M_belajar->getAttemptsTable('25')
#2 G:\My Drive\CBT\system\CodeIgniter.php(832): App\Controllers\Home->attempts_list('25')
#3 G:\My Drive\CBT\system\CodeIgniter.php(419): CodeIgniter\CodeIgniter->runController(Object(App\Controllers\Home))
#4 G:\My Drive\CBT\system\CodeIgniter.php(326): CodeIgniter\CodeIgniter->handleRequest(NULL, Object(Config\Cache), false)
#5 G:\My Drive\CBT\public\index.php(37): CodeIgniter\CodeIgniter->run()
#6 G:\My Drive\CBT\system\Commands\Server\rewrite.php(43): require_once('G:\\My Drive\\CBT...')
#7 {main}
ERROR - 2025-03-09 13:38:43 --> Table 'cbt.user_answers' doesn't exist
CRITICAL - 2025-03-09 13:38:43 --> Call to a member function getResult() on bool
#0 G:\My Drive\CBT\app\Models\M_belajar.php(254): App\Models\M_belajar->getWhereOpt('user_answers', Array, false)
#1 G:\My Drive\CBT\app\Controllers\Home.php(1022): App\Models\M_belajar->getAttemptsTable('25')
#2 G:\My Drive\CBT\system\CodeIgniter.php(832): App\Controllers\Home->attempts_list('25')
#3 G:\My Drive\CBT\system\CodeIgniter.php(419): CodeIgniter\CodeIgniter->runController(Object(App\Controllers\Home))
#4 G:\My Drive\CBT\system\CodeIgniter.php(326): CodeIgniter\CodeIgniter->handleRequest(NULL, Object(Config\Cache), false)
#5 G:\My Drive\CBT\public\index.php(37): CodeIgniter\CodeIgniter->run()
#6 G:\My Drive\CBT\system\Commands\Server\rewrite.php(43): require_once('G:\\My Drive\\CBT...')
#7 {main}
ERROR - 2025-03-09 13:40:04 --> Table 'cbt.users' doesn't exist
ERROR - 2025-03-09 13:45:39 --> Unknown column 'id_detail' in 'where clause'
CRITICAL - 2025-03-09 13:45:39 --> Call to a member function getResult() on bool
#0 G:\My Drive\CBT\app\Models\M_belajar.php(257): App\Models\M_belajar->getWhereOpt('exam_attempts', Array, false)
#1 G:\My Drive\CBT\app\Controllers\Home.php(1022): App\Models\M_belajar->getAttemptsTable('25')
#2 G:\My Drive\CBT\system\CodeIgniter.php(832): App\Controllers\Home->attempts_list('25')
#3 G:\My Drive\CBT\system\CodeIgniter.php(419): CodeIgniter\CodeIgniter->runController(Object(App\Controllers\Home))
#4 G:\My Drive\CBT\system\CodeIgniter.php(326): CodeIgniter\CodeIgniter->handleRequest(NULL, Object(Config\Cache), false)
#5 G:\My Drive\CBT\public\index.php(37): CodeIgniter\CodeIgniter->run()
#6 G:\My Drive\CBT\system\Commands\Server\rewrite.php(43): require_once('G:\\My Drive\\CBT...')
#7 {main}
ERROR - 2025-03-09 13:47:13 --> Table 'cbt.users' doesn't exist
ERROR - 2025-03-09 13:49:25 --> Unknown column 'id_detail' in 'where clause'
CRITICAL - 2025-03-09 13:49:25 --> Call to a member function getResult() on bool
#0 G:\My Drive\CBT\app\Models\M_belajar.php(257): App\Models\M_belajar->getWhereOpt('exam_attempts', Array, false)
#1 G:\My Drive\CBT\app\Controllers\Home.php(1022): App\Models\M_belajar->getAttemptsTable('25')
#2 G:\My Drive\CBT\system\CodeIgniter.php(832): App\Controllers\Home->attempts_list('25')
#3 G:\My Drive\CBT\system\CodeIgniter.php(419): CodeIgniter\CodeIgniter->runController(Object(App\Controllers\Home))
#4 G:\My Drive\CBT\system\CodeIgniter.php(326): CodeIgniter\CodeIgniter->handleRequest(NULL, Object(Config\Cache), false)
#5 G:\My Drive\CBT\public\index.php(37): CodeIgniter\CodeIgniter->run()
#6 G:\My Drive\CBT\system\Commands\Server\rewrite.php(43): require_once('G:\\My Drive\\CBT...')
#7 {main}
ERROR - 2025-03-09 13:55:00 --> Table 'cbt.users' doesn't exist
ERROR - 2025-03-09 13:55:16 --> Unknown column 'id_detail' in 'where clause'
CRITICAL - 2025-03-09 13:55:16 --> Call to a member function getResult() on bool
#0 G:\My Drive\CBT\app\Models\M_belajar.php(260): App\Models\M_belajar->getWhereOpt('exam_attempts', Array, false)
#1 G:\My Drive\CBT\app\Controllers\Home.php(1022): App\Models\M_belajar->getAttemptsTable('25')
#2 G:\My Drive\CBT\system\CodeIgniter.php(832): App\Controllers\Home->attempts_list('25')
#3 G:\My Drive\CBT\system\CodeIgniter.php(419): CodeIgniter\CodeIgniter->runController(Object(App\Controllers\Home))
#4 G:\My Drive\CBT\system\CodeIgniter.php(326): CodeIgniter\CodeIgniter->handleRequest(NULL, Object(Config\Cache), false)
#5 G:\My Drive\CBT\public\index.php(37): CodeIgniter\CodeIgniter->run()
#6 G:\My Drive\CBT\system\Commands\Server\rewrite.php(43): require_once('G:\\My Drive\\CBT...')
#7 {main}
ERROR - 2025-03-09 14:00:36 --> Unknown column 'id_detail' in 'where clause'
CRITICAL - 2025-03-09 14:00:36 --> Call to a member function getResult() on bool
#0 G:\My Drive\CBT\app\Models\M_belajar.php(260): App\Models\M_belajar->getWhereOpt('exam_attempts', Array, false)
#1 G:\My Drive\CBT\app\Controllers\Home.php(1022): App\Models\M_belajar->getAttemptsTable('25')
#2 G:\My Drive\CBT\system\CodeIgniter.php(832): App\Controllers\Home->attempts_list('25')
#3 G:\My Drive\CBT\system\CodeIgniter.php(419): CodeIgniter\CodeIgniter->runController(Object(App\Controllers\Home))
#4 G:\My Drive\CBT\system\CodeIgniter.php(326): CodeIgniter\CodeIgniter->handleRequest(NULL, Object(Config\Cache), false)
#5 G:\My Drive\CBT\public\index.php(37): CodeIgniter\CodeIgniter->run()
#6 G:\My Drive\CBT\system\Commands\Server\rewrite.php(43): require_once('G:\\My Drive\\CBT...')
#7 {main}
CRITICAL - 2025-03-09 19:49:15 --> Request URI segment is out of range: 1
#0 G:\My Drive\CBT\system\HTTP\URI.php(529): CodeIgniter\HTTP\Exceptions\HTTPException::forURISegmentOutOfRange(1)
#1 G:\My Drive\CBT\app\Views\menu.php(2): CodeIgniter\HTTP\URI->getSegment(1)
#2 G:\My Drive\CBT\system\View\View.php(210): include('G:\\My Drive\\CBT...')
#3 G:\My Drive\CBT\system\View\View.php(213): CodeIgniter\View\View->CodeIgniter\View\{closure}()
#4 G:\My Drive\CBT\system\Common.php(1089): CodeIgniter\View\View->render('menu', Array, true)
#5 G:\My Drive\CBT\app\Controllers\Home.php(28): view('menu')
#6 G:\My Drive\CBT\system\CodeIgniter.php(832): App\Controllers\Home->index()
#7 G:\My Drive\CBT\system\CodeIgniter.php(419): CodeIgniter\CodeIgniter->runController(Object(App\Controllers\Home))
#8 G:\My Drive\CBT\system\CodeIgniter.php(326): CodeIgniter\CodeIgniter->handleRequest(NULL, Object(Config\Cache), false)
#9 G:\My Drive\CBT\public\index.php(37): CodeIgniter\CodeIgniter->run()
#10 G:\My Drive\CBT\system\Commands\Server\rewrite.php(43): require_once('G:\\My Drive\\CBT...')
#11 {main}
CRITICAL - 2025-03-09 20:12:54 --> syntax error, unexpected '$parent' (T_VARIABLE)
#0 G:\My Drive\CBT\system\Router\Router.php(175): CodeIgniter\Router\Router->autoRoute('home/detail/25')
#1 G:\My Drive\CBT\system\CodeIgniter.php(726): CodeIgniter\Router\Router->handle('home/detail/25')
#2 G:\My Drive\CBT\system\CodeIgniter.php(368): CodeIgniter\CodeIgniter->tryToRouteIt(Object(CodeIgniter\Router\RouteCollection))
#3 G:\My Drive\CBT\system\CodeIgniter.php(326): CodeIgniter\CodeIgniter->handleRequest(NULL, Object(Config\Cache), false)
#4 G:\My Drive\CBT\public\index.php(37): CodeIgniter\CodeIgniter->run()
#5 G:\My Drive\CBT\system\Commands\Server\rewrite.php(43): require_once('G:\\My Drive\\CBT...')
#6 {main}
CRITICAL - 2025-03-09 20:12:58 --> syntax error, unexpected '$parent' (T_VARIABLE)
#0 G:\My Drive\CBT\system\Router\Router.php(175): CodeIgniter\Router\Router->autoRoute('home/detail/25')
#1 G:\My Drive\CBT\system\CodeIgniter.php(726): CodeIgniter\Router\Router->handle('home/detail/25')
#2 G:\My Drive\CBT\system\CodeIgniter.php(368): CodeIgniter\CodeIgniter->tryToRouteIt(Object(CodeIgniter\Router\RouteCollection))
#3 G:\My Drive\CBT\system\CodeIgniter.php(326): CodeIgniter\CodeIgniter->handleRequest(NULL, Object(Config\Cache), false)
#4 G:\My Drive\CBT\public\index.php(37): CodeIgniter\CodeIgniter->run()
#5 G:\My Drive\CBT\system\Commands\Server\rewrite.php(43): require_once('G:\\My Drive\\CBT...')
#6 {main}
CRITICAL - 2025-03-09 20:13:28 --> Too few arguments to function App\Models\M_belajar::tampil(), 1 passed in G:\My Drive\CBT\app\Controllers\Home.php on line 317 and exactly 2 expected
#0 G:\My Drive\CBT\app\Controllers\Home.php(317): App\Models\M_belajar->tampil('exam')
#1 G:\My Drive\CBT\system\CodeIgniter.php(832): App\Controllers\Home->detail('25')
#2 G:\My Drive\CBT\system\CodeIgniter.php(419): CodeIgniter\CodeIgniter->runController(Object(App\Controllers\Home))
#3 G:\My Drive\CBT\system\CodeIgniter.php(326): CodeIgniter\CodeIgniter->handleRequest(NULL, Object(Config\Cache), false)
#4 G:\My Drive\CBT\public\index.php(37): CodeIgniter\CodeIgniter->run()
#5 G:\My Drive\CBT\system\Commands\Server\rewrite.php(43): require_once('G:\\My Drive\\CBT...')
#6 {main}
CRITICAL - 2025-03-09 20:26:15 --> syntax error, unexpected ''exam_attempts'' (T_CONSTANT_ENCAPSED_STRING), expecting ')'
#0 G:\My Drive\CBT\system\Router\Router.php(175): CodeIgniter\Router\Router->autoRoute('home/attempts_l...')
#1 G:\My Drive\CBT\system\CodeIgniter.php(726): CodeIgniter\Router\Router->handle('home/attempts_l...')
#2 G:\My Drive\CBT\system\CodeIgniter.php(368): CodeIgniter\CodeIgniter->tryToRouteIt(Object(CodeIgniter\Router\RouteCollection))
#3 G:\My Drive\CBT\system\CodeIgniter.php(326): CodeIgniter\CodeIgniter->handleRequest(NULL, Object(Config\Cache), false)
#4 G:\My Drive\CBT\public\index.php(37): CodeIgniter\CodeIgniter->run()
#5 G:\My Drive\CBT\system\Commands\Server\rewrite.php(43): require_once('G:\\My Drive\\CBT...')
#6 {main}
CRITICAL - 2025-03-09 20:47:46 --> Request URI segment is out of range: 1
#0 G:\My Drive\CBT\system\HTTP\URI.php(529): CodeIgniter\HTTP\Exceptions\HTTPException::forURISegmentOutOfRange(1)
#1 G:\My Drive\CBT\app\Views\menu.php(2): CodeIgniter\HTTP\URI->getSegment(1)
#2 G:\My Drive\CBT\system\View\View.php(210): include('G:\\My Drive\\CBT...')
#3 G:\My Drive\CBT\system\View\View.php(213): CodeIgniter\View\View->CodeIgniter\View\{closure}()
#4 G:\My Drive\CBT\system\Common.php(1089): CodeIgniter\View\View->render('menu', Array, true)
#5 G:\My Drive\CBT\app\Controllers\Home.php(28): view('menu')
#6 G:\My Drive\CBT\system\CodeIgniter.php(832): App\Controllers\Home->index()
#7 G:\My Drive\CBT\system\CodeIgniter.php(419): CodeIgniter\CodeIgniter->runController(Object(App\Controllers\Home))
#8 G:\My Drive\CBT\system\CodeIgniter.php(326): CodeIgniter\CodeIgniter->handleRequest(NULL, Object(Config\Cache), false)
#9 G:\My Drive\CBT\public\index.php(37): CodeIgniter\CodeIgniter->run()
#10 G:\My Drive\CBT\system\Commands\Server\rewrite.php(43): require_once('G:\\My Drive\\CBT...')
#11 {main}
CRITICAL - 2025-03-09 20:52:45 --> Call to a member function userdata() on null
#0 G:\My Drive\CBT\system\View\View.php(210): include()
#1 G:\My Drive\CBT\system\View\View.php(213): CodeIgniter\View\View->CodeIgniter\View\{closure}()
#2 G:\My Drive\CBT\system\Common.php(1089): CodeIgniter\View\View->render('detail-page', Array, true)
#3 G:\My Drive\CBT\app\Controllers\Home.php(321): view('detail-page', Array)
#4 G:\My Drive\CBT\system\CodeIgniter.php(832): App\Controllers\Home->detail('25')
#5 G:\My Drive\CBT\system\CodeIgniter.php(419): CodeIgniter\CodeIgniter->runController(Object(App\Controllers\Home))
#6 G:\My Drive\CBT\system\CodeIgniter.php(326): CodeIgniter\CodeIgniter->handleRequest(NULL, Object(Config\Cache), false)
#7 G:\My Drive\CBT\public\index.php(37): CodeIgniter\CodeIgniter->run()
#8 G:\My Drive\CBT\system\Commands\Server\rewrite.php(43): require_once('G:\\My Drive\\CBT...')
#9 {main}
CRITICAL - 2025-03-09 20:52:52 --> Call to a member function userdata() on null
#0 G:\My Drive\CBT\system\View\View.php(210): include()
#1 G:\My Drive\CBT\system\View\View.php(213): CodeIgniter\View\View->CodeIgniter\View\{closure}()
#2 G:\My Drive\CBT\system\Common.php(1089): CodeIgniter\View\View->render('detail-page', Array, true)
#3 G:\My Drive\CBT\app\Controllers\Home.php(321): view('detail-page', Array)
#4 G:\My Drive\CBT\system\CodeIgniter.php(832): App\Controllers\Home->detail('23')
#5 G:\My Drive\CBT\system\CodeIgniter.php(419): CodeIgniter\CodeIgniter->runController(Object(App\Controllers\Home))
#6 G:\My Drive\CBT\system\CodeIgniter.php(326): CodeIgniter\CodeIgniter->handleRequest(NULL, Object(Config\Cache), false)
#7 G:\My Drive\CBT\public\index.php(37): CodeIgniter\CodeIgniter->run()
#8 G:\My Drive\CBT\system\Commands\Server\rewrite.php(43): require_once('G:\\My Drive\\CBT...')
#9 {main}
CRITICAL - 2025-03-09 21:34:33 --> syntax error, unexpected 'return' (T_RETURN), expecting ';'
#0 G:\My Drive\CBT\system\Autoloader\Autoloader.php(241): CodeIgniter\Autoloader\Autoloader->includeFile('G:\\My Drive\\CBT...')
#1 G:\My Drive\CBT\system\Autoloader\Autoloader.php(219): CodeIgniter\Autoloader\Autoloader->loadInNamespace('App\\Models\\M_be...')
#2 [internal function]: CodeIgniter\Autoloader\Autoloader->loadClass('App\\Models\\M_be...')
#3 G:\My Drive\CBT\app\Controllers\Home.php(14): spl_autoload_call('App\\Models\\M_be...')
#4 G:\My Drive\CBT\system\CodeIgniter.php(809): App\Controllers\Home->__construct()
#5 G:\My Drive\CBT\system\CodeIgniter.php(410): CodeIgniter\CodeIgniter->createController()
#6 G:\My Drive\CBT\system\CodeIgniter.php(326): CodeIgniter\CodeIgniter->handleRequest(NULL, Object(Config\Cache), false)
#7 G:\My Drive\CBT\public\index.php(37): CodeIgniter\CodeIgniter->run()
#8 G:\My Drive\CBT\system\Commands\Server\rewrite.php(43): require_once('G:\\My Drive\\CBT...')
#9 {main}
CRITICAL - 2025-03-09 21:44:05 --> Request URI segment is out of range: 1
#0 G:\My Drive\CBT\system\HTTP\URI.php(529): CodeIgniter\HTTP\Exceptions\HTTPException::forURISegmentOutOfRange(1)
#1 G:\My Drive\CBT\app\Views\menu.php(2): CodeIgniter\HTTP\URI->getSegment(1)
#2 G:\My Drive\CBT\system\View\View.php(210): include('G:\\My Drive\\CBT...')
#3 G:\My Drive\CBT\system\View\View.php(213): CodeIgniter\View\View->CodeIgniter\View\{closure}()
#4 G:\My Drive\CBT\system\Common.php(1089): CodeIgniter\View\View->render('menu', Array, true)
#5 G:\My Drive\CBT\app\Controllers\Home.php(28): view('menu')
#6 G:\My Drive\CBT\system\CodeIgniter.php(832): App\Controllers\Home->index()
#7 G:\My Drive\CBT\system\CodeIgniter.php(419): CodeIgniter\CodeIgniter->runController(Object(App\Controllers\Home))
#8 G:\My Drive\CBT\system\CodeIgniter.php(326): CodeIgniter\CodeIgniter->handleRequest(NULL, Object(Config\Cache), false)
#9 G:\My Drive\CBT\public\index.php(37): CodeIgniter\CodeIgniter->run()
#10 G:\My Drive\CBT\system\Commands\Server\rewrite.php(43): require_once('G:\\My Drive\\CBT...')
#11 {main}
CRITICAL - 2025-03-09 21:54:47 --> Too few arguments to function App\Controllers\Home::listing(), 0 passed in G:\My Drive\CBT\system\CodeIgniter.php on line 832 and exactly 1 expected
#0 G:\My Drive\CBT\system\CodeIgniter.php(832): App\Controllers\Home->listing()
#1 G:\My Drive\CBT\system\CodeIgniter.php(419): CodeIgniter\CodeIgniter->runController(Object(App\Controllers\Home))
#2 G:\My Drive\CBT\system\CodeIgniter.php(326): CodeIgniter\CodeIgniter->handleRequest(NULL, Object(Config\Cache), false)
#3 G:\My Drive\CBT\public\index.php(37): CodeIgniter\CodeIgniter->run()
#4 G:\My Drive\CBT\system\Commands\Server\rewrite.php(43): require_once('G:\\My Drive\\CBT...')
#5 {main}
CRITICAL - 2025-03-09 21:54:59 --> Too few arguments to function App\Controllers\Home::listing(), 0 passed in G:\My Drive\CBT\system\CodeIgniter.php on line 832 and exactly 1 expected
#0 G:\My Drive\CBT\system\CodeIgniter.php(832): App\Controllers\Home->listing()
#1 G:\My Drive\CBT\system\CodeIgniter.php(419): CodeIgniter\CodeIgniter->runController(Object(App\Controllers\Home))
#2 G:\My Drive\CBT\system\CodeIgniter.php(326): CodeIgniter\CodeIgniter->handleRequest(NULL, Object(Config\Cache), false)
#3 G:\My Drive\CBT\public\index.php(37): CodeIgniter\CodeIgniter->run()
#4 G:\My Drive\CBT\system\Commands\Server\rewrite.php(43): require_once('G:\\My Drive\\CBT...')
#5 {main}
CRITICAL - 2025-03-09 21:56:41 --> Too few arguments to function App\Controllers\Home::listing(), 0 passed in G:\My Drive\CBT\system\CodeIgniter.php on line 832 and exactly 1 expected
#0 G:\My Drive\CBT\system\CodeIgniter.php(832): App\Controllers\Home->listing()
#1 G:\My Drive\CBT\system\CodeIgniter.php(419): CodeIgniter\CodeIgniter->runController(Object(App\Controllers\Home))
#2 G:\My Drive\CBT\system\CodeIgniter.php(326): CodeIgniter\CodeIgniter->handleRequest(NULL, Object(Config\Cache), false)
#3 G:\My Drive\CBT\public\index.php(37): CodeIgniter\CodeIgniter->run()
#4 G:\My Drive\CBT\system\Commands\Server\rewrite.php(43): require_once('G:\\My Drive\\CBT...')
#5 {main}
CRITICAL - 2025-03-09 21:59:00 --> Too few arguments to function App\Controllers\Home::listing(), 0 passed in G:\My Drive\CBT\system\CodeIgniter.php on line 832 and exactly 1 expected
#0 G:\My Drive\CBT\system\CodeIgniter.php(832): App\Controllers\Home->listing()
#1 G:\My Drive\CBT\system\CodeIgniter.php(419): CodeIgniter\CodeIgniter->runController(Object(App\Controllers\Home))
#2 G:\My Drive\CBT\system\CodeIgniter.php(326): CodeIgniter\CodeIgniter->handleRequest(NULL, Object(Config\Cache), false)
#3 G:\My Drive\CBT\public\index.php(37): CodeIgniter\CodeIgniter->run()
#4 G:\My Drive\CBT\system\Commands\Server\rewrite.php(43): require_once('G:\\My Drive\\CBT...')
#5 {main}
CRITICAL - 2025-03-09 22:07:48 --> Request URI segment is out of range: 1
#0 G:\My Drive\CBT\system\HTTP\URI.php(529): CodeIgniter\HTTP\Exceptions\HTTPException::forURISegmentOutOfRange(1)
#1 G:\My Drive\CBT\app\Views\menu.php(2): CodeIgniter\HTTP\URI->getSegment(1)
#2 G:\My Drive\CBT\system\View\View.php(210): include('G:\\My Drive\\CBT...')
#3 G:\My Drive\CBT\system\View\View.php(213): CodeIgniter\View\View->CodeIgniter\View\{closure}()
#4 G:\My Drive\CBT\system\Common.php(1089): CodeIgniter\View\View->render('menu', Array, true)
#5 G:\My Drive\CBT\app\Controllers\Home.php(28): view('menu')
#6 G:\My Drive\CBT\system\CodeIgniter.php(832): App\Controllers\Home->index()
#7 G:\My Drive\CBT\system\CodeIgniter.php(419): CodeIgniter\CodeIgniter->runController(Object(App\Controllers\Home))
#8 G:\My Drive\CBT\system\CodeIgniter.php(326): CodeIgniter\CodeIgniter->handleRequest(NULL, Object(Config\Cache), false)
#9 G:\My Drive\CBT\public\index.php(37): CodeIgniter\CodeIgniter->run()
#10 G:\My Drive\CBT\system\Commands\Server\rewrite.php(43): require_once('G:\\My Drive\\CBT...')
#11 {main}
ERROR - 2025-03-09 22:11:02 --> Table 'cbt.course' doesn't exist
CRITICAL - 2025-03-09 22:11:03 --> Call to a member function getRow() on bool
#0 H:\My Drive\CBT\app\Controllers\Home.php(20): App\Models\M_belajar->joinw('course', 'user', 'course.id_user ...', Array)
#1 H:\My Drive\CBT\system\CodeIgniter.php(832): App\Controllers\Home->index()
#2 H:\My Drive\CBT\system\CodeIgniter.php(419): CodeIgniter\CodeIgniter->runController(Object(App\Controllers\Home))
#3 H:\My Drive\CBT\system\CodeIgniter.php(326): CodeIgniter\CodeIgniter->handleRequest(NULL, Object(Config\Cache), false)
#4 H:\My Drive\CBT\public\index.php(37): CodeIgniter\CodeIgniter->run()
#5 H:\My Drive\CBT\system\Commands\Server\rewrite.php(43): require_once('H:\\My Drive\\CBT...')
#6 {main}
ERROR - 2025-03-09 22:11:06 --> Table 'cbt.course' doesn't exist
CRITICAL - 2025-03-09 22:11:06 --> Call to a member function getRow() on bool
#0 H:\My Drive\CBT\app\Controllers\Home.php(20): App\Models\M_belajar->joinw('course', 'user', 'course.id_user ...', Array)
#1 H:\My Drive\CBT\system\CodeIgniter.php(832): App\Controllers\Home->index()
#2 H:\My Drive\CBT\system\CodeIgniter.php(419): CodeIgniter\CodeIgniter->runController(Object(App\Controllers\Home))
#3 H:\My Drive\CBT\system\CodeIgniter.php(326): CodeIgniter\CodeIgniter->handleRequest(NULL, Object(Config\Cache), false)
#4 H:\My Drive\CBT\public\index.php(37): CodeIgniter\CodeIgniter->run()
#5 H:\My Drive\CBT\system\Commands\Server\rewrite.php(43): require_once('H:\\My Drive\\CBT...')
#6 {main}
ERROR - 2025-03-09 22:11:19 --> Table 'cbt.course' doesn't exist
CRITICAL - 2025-03-09 22:11:19 --> Call to a member function getRow() on bool
#0 H:\My Drive\CBT\app\Controllers\Home.php(20): App\Models\M_belajar->joinw('course', 'user', 'course.id_user ...', Array)
#1 H:\My Drive\CBT\system\CodeIgniter.php(832): App\Controllers\Home->index()
#2 H:\My Drive\CBT\system\CodeIgniter.php(419): CodeIgniter\CodeIgniter->runController(Object(App\Controllers\Home))
#3 H:\My Drive\CBT\system\CodeIgniter.php(326): CodeIgniter\CodeIgniter->handleRequest(NULL, Object(Config\Cache), false)
#4 H:\My Drive\CBT\public\index.php(37): CodeIgniter\CodeIgniter->run()
#5 H:\My Drive\CBT\system\Commands\Server\rewrite.php(43): require_once('H:\\My Drive\\CBT...')
#6 {main}
ERROR - 2025-03-09 22:11:33 --> Table 'cbt.course' doesn't exist
CRITICAL - 2025-03-09 22:11:33 --> Call to a member function getRow() on bool
#0 H:\My Drive\CBT\app\Controllers\Home.php(20): App\Models\M_belajar->joinw('course', 'user', 'course.id_user ...', Array)
#1 H:\My Drive\CBT\system\CodeIgniter.php(832): App\Controllers\Home->index()
#2 H:\My Drive\CBT\system\CodeIgniter.php(419): CodeIgniter\CodeIgniter->runController(Object(App\Controllers\Home))
#3 H:\My Drive\CBT\system\CodeIgniter.php(326): CodeIgniter\CodeIgniter->handleRequest(NULL, Object(Config\Cache), false)
#4 H:\My Drive\CBT\public\index.php(37): CodeIgniter\CodeIgniter->run()
#5 H:\My Drive\CBT\system\Commands\Server\rewrite.php(43): require_once('H:\\My Drive\\CBT...')
#6 {main}
ERROR - 2025-03-09 22:11:51 --> Table 'cbt.course' doesn't exist
CRITICAL - 2025-03-09 22:11:52 --> Call to a member function getRow() on bool
#0 H:\My Drive\CBT\app\Controllers\Home.php(20): App\Models\M_belajar->joinw('course', 'user', 'course.id_user ...', Array)
#1 H:\My Drive\CBT\system\CodeIgniter.php(832): App\Controllers\Home->index()
#2 H:\My Drive\CBT\system\CodeIgniter.php(419): CodeIgniter\CodeIgniter->runController(Object(App\Controllers\Home))
#3 H:\My Drive\CBT\system\CodeIgniter.php(326): CodeIgniter\CodeIgniter->handleRequest(NULL, Object(Config\Cache), false)
#4 H:\My Drive\CBT\public\index.php(37): CodeIgniter\CodeIgniter->run()
#5 H:\My Drive\CBT\system\Commands\Server\rewrite.php(43): require_once('H:\\My Drive\\CBT...')
#6 {main}
ERROR - 2025-03-09 22:12:25 --> Table 'cbt.course' doesn't exist
CRITICAL - 2025-03-09 22:12:25 --> Call to a member function getRow() on bool
#0 H:\My Drive\CBT\app\Controllers\Home.php(20): App\Models\M_belajar->joinw('course', 'user', 'course.id_user ...', Array)
#1 H:\My Drive\CBT\system\CodeIgniter.php(832): App\Controllers\Home->index()
#2 H:\My Drive\CBT\system\CodeIgniter.php(419): CodeIgniter\CodeIgniter->runController(Object(App\Controllers\Home))
#3 H:\My Drive\CBT\system\CodeIgniter.php(326): CodeIgniter\CodeIgniter->handleRequest(NULL, Object(Config\Cache), false)
#4 H:\My Drive\CBT\public\index.php(37): CodeIgniter\CodeIgniter->run()
#5 H:\My Drive\CBT\system\Commands\Server\rewrite.php(43): require_once('H:\\My Drive\\CBT...')
#6 {main}
CRITICAL - 2025-03-09 22:14:52 --> Request URI segment is out of range: 1
#0 H:\My Drive\CBT\system\HTTP\URI.php(529): CodeIgniter\HTTP\Exceptions\HTTPException::forURISegmentOutOfRange(1)
#1 H:\My Drive\CBT\app\Views\menu.php(2): CodeIgniter\HTTP\URI->getSegment(1)
#2 H:\My Drive\CBT\system\View\View.php(210): include('H:\\My Drive\\CBT...')
#3 H:\My Drive\CBT\system\View\View.php(213): CodeIgniter\View\View->CodeIgniter\View\{closure}()
#4 H:\My Drive\CBT\system\Common.php(1089): CodeIgniter\View\View->render('menu', Array, true)
#5 H:\My Drive\CBT\app\Controllers\Home.php(28): view('menu')
#6 H:\My Drive\CBT\system\CodeIgniter.php(832): App\Controllers\Home->index()
#7 H:\My Drive\CBT\system\CodeIgniter.php(419): CodeIgniter\CodeIgniter->runController(Object(App\Controllers\Home))
#8 H:\My Drive\CBT\system\CodeIgniter.php(326): CodeIgniter\CodeIgniter->handleRequest(NULL, Object(Config\Cache), false)
#9 H:\My Drive\CBT\public\index.php(37): CodeIgniter\CodeIgniter->run()
#10 H:\My Drive\CBT\system\Commands\Server\rewrite.php(43): require_once('H:\\My Drive\\CBT...')
#11 {main}
CRITICAL - 2025-03-09 22:15:52 --> Undefined property: stdClass::$Q60
#0 H:\My Drive\CBT\app\Views\exam_attempts.php(39): CodeIgniter\Debug\Exceptions->errorHandler(2, 'Undefined prope...', 'H:\\My Drive\\CBT...', 39)
#1 H:\My Drive\CBT\system\View\View.php(210): include('H:\\My Drive\\CBT...')
#2 H:\My Drive\CBT\system\View\View.php(213): CodeIgniter\View\View->CodeIgniter\View\{closure}()
#3 H:\My Drive\CBT\system\Common.php(1089): CodeIgniter\View\View->render('exam_attempts', Array, true)
#4 H:\My Drive\CBT\app\Controllers\Home.php(1043): view('exam_attempts', Array)
#5 H:\My Drive\CBT\system\CodeIgniter.php(832): App\Controllers\Home->attempts_list('23')
#6 H:\My Drive\CBT\system\CodeIgniter.php(419): CodeIgniter\CodeIgniter->runController(Object(App\Controllers\Home))
#7 H:\My Drive\CBT\system\CodeIgniter.php(326): CodeIgniter\CodeIgniter->handleRequest(NULL, Object(Config\Cache), false)
#8 H:\My Drive\CBT\public\index.php(37): CodeIgniter\CodeIgniter->run()
#9 H:\My Drive\CBT\system\Commands\Server\rewrite.php(43): require_once('H:\\My Drive\\CBT...')
#10 {main}
CRITICAL - 2025-03-09 22:20:52 --> Undefined variable $value
#0 H:\My Drive\CBT\app\Views\exam_attempts.php(44): CodeIgniter\Debug\Exceptions->errorHandler(2, 'Undefined varia...', 'H:\\My Drive\\CBT...', 44)
#1 H:\My Drive\CBT\system\View\View.php(210): include('H:\\My Drive\\CBT...')
#2 H:\My Drive\CBT\system\View\View.php(213): CodeIgniter\View\View->CodeIgniter\View\{closure}()
#3 H:\My Drive\CBT\system\Common.php(1089): CodeIgniter\View\View->render('exam_attempts', Array, true)
#4 H:\My Drive\CBT\app\Controllers\Home.php(1043): view('exam_attempts', Array)
#5 H:\My Drive\CBT\system\CodeIgniter.php(832): App\Controllers\Home->attempts_list('23')
#6 H:\My Drive\CBT\system\CodeIgniter.php(419): CodeIgniter\CodeIgniter->runController(Object(App\Controllers\Home))
#7 H:\My Drive\CBT\system\CodeIgniter.php(326): CodeIgniter\CodeIgniter->handleRequest(NULL, Object(Config\Cache), false)
#8 H:\My Drive\CBT\public\index.php(37): CodeIgniter\CodeIgniter->run()
#9 H:\My Drive\CBT\system\Commands\Server\rewrite.php(43): require_once('H:\\My Drive\\CBT...')
#10 {main}
CRITICAL - 2025-03-09 22:22:08 --> Undefined variable $value
#0 H:\My Drive\CBT\app\Views\exam_attempts.php(44): CodeIgniter\Debug\Exceptions->errorHandler(2, 'Undefined varia...', 'H:\\My Drive\\CBT...', 44)
#1 H:\My Drive\CBT\system\View\View.php(210): include('H:\\My Drive\\CBT...')
#2 H:\My Drive\CBT\system\View\View.php(213): CodeIgniter\View\View->CodeIgniter\View\{closure}()
#3 H:\My Drive\CBT\system\Common.php(1089): CodeIgniter\View\View->render('exam_attempts', Array, true)
#4 H:\My Drive\CBT\app\Controllers\Home.php(1043): view('exam_attempts', Array)
#5 H:\My Drive\CBT\system\CodeIgniter.php(832): App\Controllers\Home->attempts_list('23')
#6 H:\My Drive\CBT\system\CodeIgniter.php(419): CodeIgniter\CodeIgniter->runController(Object(App\Controllers\Home))
#7 H:\My Drive\CBT\system\CodeIgniter.php(326): CodeIgniter\CodeIgniter->handleRequest(NULL, Object(Config\Cache), false)
#8 H:\My Drive\CBT\public\index.php(37): CodeIgniter\CodeIgniter->run()
#9 H:\My Drive\CBT\system\Commands\Server\rewrite.php(43): require_once('H:\\My Drive\\CBT...')
#10 {main}
CRITICAL - 2025-03-09 22:22:23 --> Undefined property: stdClass::$id_user
#0 H:\My Drive\CBT\app\Views\exam_attempts.php(44): CodeIgniter\Debug\Exceptions->errorHandler(2, 'Undefined prope...', 'H:\\My Drive\\CBT...', 44)
#1 H:\My Drive\CBT\system\View\View.php(210): include('H:\\My Drive\\CBT...')
#2 H:\My Drive\CBT\system\View\View.php(213): CodeIgniter\View\View->CodeIgniter\View\{closure}()
#3 H:\My Drive\CBT\system\Common.php(1089): CodeIgniter\View\View->render('exam_attempts', Array, true)
#4 H:\My Drive\CBT\app\Controllers\Home.php(1043): view('exam_attempts', Array)
#5 H:\My Drive\CBT\system\CodeIgniter.php(832): App\Controllers\Home->attempts_list('23')
#6 H:\My Drive\CBT\system\CodeIgniter.php(419): CodeIgniter\CodeIgniter->runController(Object(App\Controllers\Home))
#7 H:\My Drive\CBT\system\CodeIgniter.php(326): CodeIgniter\CodeIgniter->handleRequest(NULL, Object(Config\Cache), false)
#8 H:\My Drive\CBT\public\index.php(37): CodeIgniter\CodeIgniter->run()
#9 H:\My Drive\CBT\system\Commands\Server\rewrite.php(43): require_once('H:\\My Drive\\CBT...')
#10 {main}
CRITICAL - 2025-03-09 22:32:04 --> Undefined variable $questions
#0 H:\My Drive\CBT\app\Views\exam_attempts.php(24): CodeIgniter\Debug\Exceptions->errorHandler(2, 'Undefined varia...', 'H:\\My Drive\\CBT...', 24)
#1 H:\My Drive\CBT\system\View\View.php(210): include('H:\\My Drive\\CBT...')
#2 H:\My Drive\CBT\system\View\View.php(213): CodeIgniter\View\View->CodeIgniter\View\{closure}()
#3 H:\My Drive\CBT\system\Common.php(1089): CodeIgniter\View\View->render('exam_attempts', Array, true)
#4 H:\My Drive\CBT\app\Controllers\Home.php(1043): view('exam_attempts', Array)
#5 H:\My Drive\CBT\system\CodeIgniter.php(832): App\Controllers\Home->attempts_list('23')
#6 H:\My Drive\CBT\system\CodeIgniter.php(419): CodeIgniter\CodeIgniter->runController(Object(App\Controllers\Home))
#7 H:\My Drive\CBT\system\CodeIgniter.php(326): CodeIgniter\CodeIgniter->handleRequest(NULL, Object(Config\Cache), false)
#8 H:\My Drive\CBT\public\index.php(37): CodeIgniter\CodeIgniter->run()
#9 H:\My Drive\CBT\system\Commands\Server\rewrite.php(43): require_once('H:\\My Drive\\CBT...')
#10 {main}
CRITICAL - 2025-03-09 22:36:51 --> Undefined property: stdClass::$id_question
#0 H:\My Drive\CBT\app\Views\exam_attempts.php(43): CodeIgniter\Debug\Exceptions->errorHandler(2, 'Undefined prope...', 'H:\\My Drive\\CBT...', 43)
#1 H:\My Drive\CBT\system\View\View.php(210): include('H:\\My Drive\\CBT...')
#2 H:\My Drive\CBT\system\View\View.php(213): CodeIgniter\View\View->CodeIgniter\View\{closure}()
#3 H:\My Drive\CBT\system\Common.php(1089): CodeIgniter\View\View->render('exam_attempts', Array, true)
#4 H:\My Drive\CBT\app\Controllers\Home.php(1043): view('exam_attempts', Array)
#5 H:\My Drive\CBT\system\CodeIgniter.php(832): App\Controllers\Home->attempts_list('23')
#6 H:\My Drive\CBT\system\CodeIgniter.php(419): CodeIgniter\CodeIgniter->runController(Object(App\Controllers\Home))
#7 H:\My Drive\CBT\system\CodeIgniter.php(326): CodeIgniter\CodeIgniter->handleRequest(NULL, Object(Config\Cache), false)
#8 H:\My Drive\CBT\public\index.php(37): CodeIgniter\CodeIgniter->run()
#9 H:\My Drive\CBT\system\Commands\Server\rewrite.php(43): require_once('H:\\My Drive\\CBT...')
#10 {main}
ERROR - 2025-03-09 22:44:17 --> Table 'cbt.exam_answer' doesn't exist
CRITICAL - 2025-03-09 22:44:17 --> Call to a member function getRow() on bool
#0 H:\My Drive\CBT\app\Controllers\Home.php(1039): App\Models\M_belajar->getAttemptsTable('23')
#1 H:\My Drive\CBT\system\CodeIgniter.php(832): App\Controllers\Home->attempts_list('23')
#2 H:\My Drive\CBT\system\CodeIgniter.php(419): CodeIgniter\CodeIgniter->runController(Object(App\Controllers\Home))
#3 H:\My Drive\CBT\system\CodeIgniter.php(326): CodeIgniter\CodeIgniter->handleRequest(NULL, Object(Config\Cache), false)
#4 H:\My Drive\CBT\public\index.php(37): CodeIgniter\CodeIgniter->run()
#5 H:\My Drive\CBT\system\Commands\Server\rewrite.php(43): require_once('H:\\My Drive\\CBT...')
#6 {main}
CRITICAL - 2025-03-09 22:53:21 --> Undefined property: stdClass::$is_correct
#0 H:\My Drive\CBT\app\Views\exam_attempts.php(44): CodeIgniter\Debug\Exceptions->errorHandler(2, 'Undefined prope...', 'H:\\My Drive\\CBT...', 44)
#1 H:\My Drive\CBT\system\View\View.php(210): include('H:\\My Drive\\CBT...')
#2 H:\My Drive\CBT\system\View\View.php(213): CodeIgniter\View\View->CodeIgniter\View\{closure}()
#3 H:\My Drive\CBT\system\Common.php(1089): CodeIgniter\View\View->render('exam_attempts', Array, true)
#4 H:\My Drive\CBT\app\Controllers\Home.php(1043): view('exam_attempts', Array)
#5 H:\My Drive\CBT\system\CodeIgniter.php(832): App\Controllers\Home->attempts_list('23')
#6 H:\My Drive\CBT\system\CodeIgniter.php(419): CodeIgniter\CodeIgniter->runController(Object(App\Controllers\Home))
#7 H:\My Drive\CBT\system\CodeIgniter.php(326): CodeIgniter\CodeIgniter->handleRequest(NULL, Object(Config\Cache), false)
#8 H:\My Drive\CBT\public\index.php(37): CodeIgniter\CodeIgniter->run()
#9 H:\My Drive\CBT\system\Commands\Server\rewrite.php(43): require_once('H:\\My Drive\\CBT...')
#10 {main}
CRITICAL - 2025-03-09 22:54:42 --> Undefined property: stdClass::$61
#0 H:\My Drive\CBT\app\Views\exam_attempts.php(46): CodeIgniter\Debug\Exceptions->errorHandler(2, 'Undefined prope...', 'H:\\My Drive\\CBT...', 46)
#1 H:\My Drive\CBT\system\View\View.php(210): include('H:\\My Drive\\CBT...')
#2 H:\My Drive\CBT\system\View\View.php(213): CodeIgniter\View\View->CodeIgniter\View\{closure}()
#3 H:\My Drive\CBT\system\Common.php(1089): CodeIgniter\View\View->render('exam_attempts', Array, true)
#4 H:\My Drive\CBT\app\Controllers\Home.php(1043): view('exam_attempts', Array)
#5 H:\My Drive\CBT\system\CodeIgniter.php(832): App\Controllers\Home->attempts_list('23')
#6 H:\My Drive\CBT\system\CodeIgniter.php(419): CodeIgniter\CodeIgniter->runController(Object(App\Controllers\Home))
#7 H:\My Drive\CBT\system\CodeIgniter.php(326): CodeIgniter\CodeIgniter->handleRequest(NULL, Object(Config\Cache), false)
#8 H:\My Drive\CBT\public\index.php(37): CodeIgniter\CodeIgniter->run()
#9 H:\My Drive\CBT\system\Commands\Server\rewrite.php(43): require_once('H:\\My Drive\\CBT...')
#10 {main}
