CRITICAL - 2025-02-09 21:01:46 --> syntax error, unexpected 'images' (T_STRING), expecting ')'
#0 C:\Users\redmibook\Videos\CBT\system\View\View.php(213): CodeIgniter\View\View->CodeIgniter\View\{closure}()
#1 C:\Users\redmibook\Videos\CBT\system\Common.php(1089): CodeIgniter\View\View->render('index', Array, true)
#2 C:\Users\redmibook\Videos\CBT\app\Controllers\Home.php(11): view('index')
#3 C:\Users\redmibook\Videos\CBT\system\CodeIgniter.php(832): App\Controllers\Home->index()
#4 C:\Users\redmibook\Videos\CBT\system\CodeIgniter.php(419): CodeIgniter\CodeIgniter->runController(Object(App\Controllers\Home))
#5 C:\Users\redmibook\Videos\CBT\system\CodeIgniter.php(326): CodeIgniter\CodeIgniter->handleRequest(NULL, Object(Config\Cache), false)
#6 C:\Users\redmibook\Videos\CBT\public\index.php(37): CodeIgniter\CodeIgniter->run()
#7 C:\Users\redmibook\Videos\CBT\system\Commands\Server\rewrite.php(43): require_once('C:\\Users\\redmib...')
#8 {main}
CRITICAL - 2025-02-09 21:30:43 --> Invalid file: login.php
#0 C:\Users\redmibook\Videos\CBT\system\View\View.php(198): CodeIgniter\Exceptions\FrameworkException::forInvalidFile('login.php')
#1 C:\Users\redmibook\Videos\CBT\system\Common.php(1089): CodeIgniter\View\View->render('login', Array, true)
#2 C:\Users\redmibook\Videos\CBT\app\Controllers\Home.php(11): view('login')
#3 C:\Users\redmibook\Videos\CBT\system\CodeIgniter.php(832): App\Controllers\Home->index()
#4 C:\Users\redmibook\Videos\CBT\system\CodeIgniter.php(419): CodeIgniter\CodeIgniter->runController(Object(App\Controllers\Home))
#5 C:\Users\redmibook\Videos\CBT\system\CodeIgniter.php(326): CodeIgniter\CodeIgniter->handleRequest(NULL, Object(Config\Cache), false)
#6 C:\Users\redmibook\Videos\CBT\public\index.php(37): CodeIgniter\CodeIgniter->run()
#7 C:\Users\redmibook\Videos\CBT\system\Commands\Server\rewrite.php(43): require_once('C:\\Users\\redmib...')
#8 {main}
