CRITICAL - 2025-02-19 06:00:02 --> Request URI segment is out of range: 1
#0 C:\Users\redmibook\Videos\CBT\system\HTTP\URI.php(529): CodeIgniter\HTTP\Exceptions\HTTPException::forURISegmentOutOfRange(1)
#1 C:\Users\redmibook\Videos\CBT\app\Views\menu.php(2): CodeIgniter\HTTP\URI->getSegment(1)
#2 C:\Users\redmibook\Videos\CBT\system\View\View.php(210): include('C:\\Users\\redmib...')
#3 C:\Users\redmibook\Videos\CBT\system\View\View.php(213): CodeIgniter\View\View->CodeIgniter\View\{closure}()
#4 C:\Users\redmibook\Videos\CBT\system\Common.php(1089): CodeIgniter\View\View->render('menu', Array, true)
#5 C:\Users\redmibook\Videos\CBT\app\Controllers\Home.php(19): view('menu')
#6 C:\Users\redmibook\Videos\CBT\system\CodeIgniter.php(832): App\Controllers\Home->index()
#7 C:\Users\redmibook\Videos\CBT\system\CodeIgniter.php(419): CodeIgniter\CodeIgniter->runController(Object(App\Controllers\Home))
#8 C:\Users\redmibook\Videos\CBT\system\CodeIgniter.php(326): CodeIgniter\CodeIgniter->handleRequest(NULL, Object(Config\Cache), false)
#9 C:\Users\redmibook\Videos\CBT\public\index.php(37): CodeIgniter\CodeIgniter->run()
#10 C:\Users\redmibook\Videos\CBT\system\Commands\Server\rewrite.php(43): require_once('C:\\Users\\redmib...')
#11 {main}
CRITICAL - 2025-02-19 06:44:30 --> Call to a member function userdata() on null
#0 C:\Users\redmibook\Videos\CBT\system\CodeIgniter.php(832): App\Controllers\Home->submit()
#1 C:\Users\redmibook\Videos\CBT\system\CodeIgniter.php(419): CodeIgniter\CodeIgniter->runController(Object(App\Controllers\Home))
#2 C:\Users\redmibook\Videos\CBT\system\CodeIgniter.php(326): CodeIgniter\CodeIgniter->handleRequest(NULL, Object(Config\Cache), false)
#3 C:\Users\redmibook\Videos\CBT\public\index.php(37): CodeIgniter\CodeIgniter->run()
#4 C:\Users\redmibook\Videos\CBT\system\Commands\Server\rewrite.php(43): require_once('C:\\Users\\redmib...')
#5 {main}
CRITICAL - 2025-02-19 09:31:49 --> Call to a member function userdata() on null
#0 C:\Users\redmibook\Videos\CBT\system\CodeIgniter.php(832): App\Controllers\Home->submit()
#1 C:\Users\redmibook\Videos\CBT\system\CodeIgniter.php(419): CodeIgniter\CodeIgniter->runController(Object(App\Controllers\Home))
#2 C:\Users\redmibook\Videos\CBT\system\CodeIgniter.php(326): CodeIgniter\CodeIgniter->handleRequest(NULL, Object(Config\Cache), false)
#3 C:\Users\redmibook\Videos\CBT\public\index.php(37): CodeIgniter\CodeIgniter->run()
#4 C:\Users\redmibook\Videos\CBT\system\Commands\Server\rewrite.php(43): require_once('C:\\Users\\redmib...')
#5 {main}
CRITICAL - 2025-02-19 09:33:29 --> count(): Parameter must be an array or an object that implements Countable
#0 [internal function]: CodeIgniter\Debug\Exceptions->errorHandler(2, 'count(): Parame...', 'C:\\Users\\redmib...', 325, Array)
#1 C:\Users\redmibook\Videos\CBT\app\Controllers\Home.php(325): count(Object(stdClass))
#2 C:\Users\redmibook\Videos\CBT\system\CodeIgniter.php(832): App\Controllers\Home->submit()
#3 C:\Users\redmibook\Videos\CBT\system\CodeIgniter.php(419): CodeIgniter\CodeIgniter->runController(Object(App\Controllers\Home))
#4 C:\Users\redmibook\Videos\CBT\system\CodeIgniter.php(326): CodeIgniter\CodeIgniter->handleRequest(NULL, Object(Config\Cache), false)
#5 C:\Users\redmibook\Videos\CBT\public\index.php(37): CodeIgniter\CodeIgniter->run()
#6 C:\Users\redmibook\Videos\CBT\system\Commands\Server\rewrite.php(43): require_once('C:\\Users\\redmib...')
#7 {main}
CRITICAL - 2025-02-19 09:34:04 --> Call to a member function userdata() on null
#0 C:\Users\redmibook\Videos\CBT\system\CodeIgniter.php(832): App\Controllers\Home->result('1')
#1 C:\Users\redmibook\Videos\CBT\system\CodeIgniter.php(419): CodeIgniter\CodeIgniter->runController(Object(App\Controllers\Home))
#2 C:\Users\redmibook\Videos\CBT\system\CodeIgniter.php(326): CodeIgniter\CodeIgniter->handleRequest(NULL, Object(Config\Cache), false)
#3 C:\Users\redmibook\Videos\CBT\public\index.php(37): CodeIgniter\CodeIgniter->run()
#4 C:\Users\redmibook\Videos\CBT\system\Commands\Server\rewrite.php(43): require_once('C:\\Users\\redmib...')
#5 {main}
CRITICAL - 2025-02-19 09:36:02 --> Call to undefined method CodeIgniter\Database\MySQLi\Connection::get_where()
#0 C:\Users\redmibook\Videos\CBT\app\Controllers\Home.php(358): App\Models\M_belajar->get_user_result('1', NULL)
#1 C:\Users\redmibook\Videos\CBT\system\CodeIgniter.php(832): App\Controllers\Home->result('1')
#2 C:\Users\redmibook\Videos\CBT\system\CodeIgniter.php(419): CodeIgniter\CodeIgniter->runController(Object(App\Controllers\Home))
#3 C:\Users\redmibook\Videos\CBT\system\CodeIgniter.php(326): CodeIgniter\CodeIgniter->handleRequest(NULL, Object(Config\Cache), false)
#4 C:\Users\redmibook\Videos\CBT\public\index.php(37): CodeIgniter\CodeIgniter->run()
#5 C:\Users\redmibook\Videos\CBT\system\Commands\Server\rewrite.php(43): require_once('C:\\Users\\redmib...')
#6 {main}
CRITICAL - 2025-02-19 09:36:49 --> syntax error, unexpected '(', expecting identifier (T_STRING) or variable (T_VARIABLE) or '{' or '$'
#0 C:\Users\redmibook\Videos\CBT\system\Router\Router.php(175): CodeIgniter\Router\Router->autoRoute('home/result/1')
#1 C:\Users\redmibook\Videos\CBT\system\CodeIgniter.php(726): CodeIgniter\Router\Router->handle('home/result/1')
#2 C:\Users\redmibook\Videos\CBT\system\CodeIgniter.php(368): CodeIgniter\CodeIgniter->tryToRouteIt(Object(CodeIgniter\Router\RouteCollection))
#3 C:\Users\redmibook\Videos\CBT\system\CodeIgniter.php(326): CodeIgniter\CodeIgniter->handleRequest(NULL, Object(Config\Cache), false)
#4 C:\Users\redmibook\Videos\CBT\public\index.php(37): CodeIgniter\CodeIgniter->run()
#5 C:\Users\redmibook\Videos\CBT\system\Commands\Server\rewrite.php(43): require_once('C:\\Users\\redmib...')
#6 {main}
CRITICAL - 2025-02-19 09:38:09 --> Call to undefined method CodeIgniter\Database\MySQLi\Connection::get_where()
#0 C:\Users\redmibook\Videos\CBT\app\Controllers\Home.php(358): App\Models\M_belajar->get_user_result('1', NULL)
#1 C:\Users\redmibook\Videos\CBT\system\CodeIgniter.php(832): App\Controllers\Home->result('1')
#2 C:\Users\redmibook\Videos\CBT\system\CodeIgniter.php(419): CodeIgniter\CodeIgniter->runController(Object(App\Controllers\Home))
#3 C:\Users\redmibook\Videos\CBT\system\CodeIgniter.php(326): CodeIgniter\CodeIgniter->handleRequest(NULL, Object(Config\Cache), false)
#4 C:\Users\redmibook\Videos\CBT\public\index.php(37): CodeIgniter\CodeIgniter->run()
#5 C:\Users\redmibook\Videos\CBT\system\Commands\Server\rewrite.php(43): require_once('C:\\Users\\redmib...')
#6 {main}
CRITICAL - 2025-02-19 09:38:27 --> Request URI segment is out of range: 1
#0 C:\Users\redmibook\Videos\CBT\system\HTTP\URI.php(529): CodeIgniter\HTTP\Exceptions\HTTPException::forURISegmentOutOfRange(1)
#1 C:\Users\redmibook\Videos\CBT\app\Views\menu.php(2): CodeIgniter\HTTP\URI->getSegment(1)
#2 C:\Users\redmibook\Videos\CBT\system\View\View.php(210): include('C:\\Users\\redmib...')
#3 C:\Users\redmibook\Videos\CBT\system\View\View.php(213): CodeIgniter\View\View->CodeIgniter\View\{closure}()
#4 C:\Users\redmibook\Videos\CBT\system\Common.php(1089): CodeIgniter\View\View->render('menu', Array, true)
#5 C:\Users\redmibook\Videos\CBT\app\Controllers\Home.php(19): view('menu')
#6 C:\Users\redmibook\Videos\CBT\system\CodeIgniter.php(832): App\Controllers\Home->index()
#7 C:\Users\redmibook\Videos\CBT\system\CodeIgniter.php(419): CodeIgniter\CodeIgniter->runController(Object(App\Controllers\Home))
#8 C:\Users\redmibook\Videos\CBT\system\CodeIgniter.php(326): CodeIgniter\CodeIgniter->handleRequest(NULL, Object(Config\Cache), false)
#9 C:\Users\redmibook\Videos\CBT\public\index.php(37): CodeIgniter\CodeIgniter->run()
#10 C:\Users\redmibook\Videos\CBT\system\Commands\Server\rewrite.php(43): require_once('C:\\Users\\redmib...')
#11 {main}
CRITICAL - 2025-02-19 09:38:57 --> Call to undefined method CodeIgniter\Database\MySQLi\Connection::getWhere()
#0 C:\Users\redmibook\Videos\CBT\app\Controllers\Home.php(358): App\Models\M_belajar->get_user_result('1', NULL)
#1 C:\Users\redmibook\Videos\CBT\system\CodeIgniter.php(832): App\Controllers\Home->result('1')
#2 C:\Users\redmibook\Videos\CBT\system\CodeIgniter.php(419): CodeIgniter\CodeIgniter->runController(Object(App\Controllers\Home))
#3 C:\Users\redmibook\Videos\CBT\system\CodeIgniter.php(326): CodeIgniter\CodeIgniter->handleRequest(NULL, Object(Config\Cache), false)
#4 C:\Users\redmibook\Videos\CBT\public\index.php(37): CodeIgniter\CodeIgniter->run()
#5 C:\Users\redmibook\Videos\CBT\system\Commands\Server\rewrite.php(43): require_once('C:\\Users\\redmib...')
#6 {main}
CRITICAL - 2025-02-19 09:39:13 --> Call to undefined method CodeIgniter\Database\MySQLi\Connection::getWhere()
#0 C:\Users\redmibook\Videos\CBT\app\Controllers\Home.php(358): App\Models\M_belajar->get_user_result('1', NULL)
#1 C:\Users\redmibook\Videos\CBT\system\CodeIgniter.php(832): App\Controllers\Home->result('1')
#2 C:\Users\redmibook\Videos\CBT\system\CodeIgniter.php(419): CodeIgniter\CodeIgniter->runController(Object(App\Controllers\Home))
#3 C:\Users\redmibook\Videos\CBT\system\CodeIgniter.php(326): CodeIgniter\CodeIgniter->handleRequest(NULL, Object(Config\Cache), false)
#4 C:\Users\redmibook\Videos\CBT\public\index.php(37): CodeIgniter\CodeIgniter->run()
#5 C:\Users\redmibook\Videos\CBT\system\Commands\Server\rewrite.php(43): require_once('C:\\Users\\redmib...')
#6 {main}
CRITICAL - 2025-02-19 09:39:34 --> Call to undefined method CodeIgniter\Database\MySQLi\Connection::getWhere()
#0 C:\Users\redmibook\Videos\CBT\app\Controllers\Home.php(358): App\Models\M_belajar->get_user_result('1', NULL)
#1 C:\Users\redmibook\Videos\CBT\system\CodeIgniter.php(832): App\Controllers\Home->result('1')
#2 C:\Users\redmibook\Videos\CBT\system\CodeIgniter.php(419): CodeIgniter\CodeIgniter->runController(Object(App\Controllers\Home))
#3 C:\Users\redmibook\Videos\CBT\system\CodeIgniter.php(326): CodeIgniter\CodeIgniter->handleRequest(NULL, Object(Config\Cache), false)
#4 C:\Users\redmibook\Videos\CBT\public\index.php(37): CodeIgniter\CodeIgniter->run()
#5 C:\Users\redmibook\Videos\CBT\system\Commands\Server\rewrite.php(43): require_once('C:\\Users\\redmib...')
#6 {main}
CRITICAL - 2025-02-19 09:42:24 --> Call to a member function view() on null
#0 C:\Users\redmibook\Videos\CBT\system\CodeIgniter.php(832): App\Controllers\Home->result('1')
#1 C:\Users\redmibook\Videos\CBT\system\CodeIgniter.php(419): CodeIgniter\CodeIgniter->runController(Object(App\Controllers\Home))
#2 C:\Users\redmibook\Videos\CBT\system\CodeIgniter.php(326): CodeIgniter\CodeIgniter->handleRequest(NULL, Object(Config\Cache), false)
#3 C:\Users\redmibook\Videos\CBT\public\index.php(37): CodeIgniter\CodeIgniter->run()
#4 C:\Users\redmibook\Videos\CBT\system\Commands\Server\rewrite.php(43): require_once('C:\\Users\\redmib...')
#5 {main}
CRITICAL - 2025-02-19 09:53:28 --> syntax error, unexpected 'public' (T_PUBLIC)
#0 C:\Users\redmibook\Videos\CBT\system\Router\Router.php(175): CodeIgniter\Router\Router->autoRoute('home/answer/1')
#1 C:\Users\redmibook\Videos\CBT\system\CodeIgniter.php(726): CodeIgniter\Router\Router->handle('home/answer/1')
#2 C:\Users\redmibook\Videos\CBT\system\CodeIgniter.php(368): CodeIgniter\CodeIgniter->tryToRouteIt(Object(CodeIgniter\Router\RouteCollection))
#3 C:\Users\redmibook\Videos\CBT\system\CodeIgniter.php(326): CodeIgniter\CodeIgniter->handleRequest(NULL, Object(Config\Cache), false)
#4 C:\Users\redmibook\Videos\CBT\public\index.php(37): CodeIgniter\CodeIgniter->run()
#5 C:\Users\redmibook\Videos\CBT\system\Commands\Server\rewrite.php(43): require_once('C:\\Users\\redmib...')
#6 {main}
CRITICAL - 2025-02-19 09:58:52 --> Object of class stdClass could not be converted to string
#0 C:\Users\redmibook\Videos\CBT\system\CodeIgniter.php(832): App\Controllers\Home->aksi_login()
#1 C:\Users\redmibook\Videos\CBT\system\CodeIgniter.php(419): CodeIgniter\CodeIgniter->runController(Object(App\Controllers\Home))
#2 C:\Users\redmibook\Videos\CBT\system\CodeIgniter.php(326): CodeIgniter\CodeIgniter->handleRequest(NULL, Object(Config\Cache), false)
#3 C:\Users\redmibook\Videos\CBT\public\index.php(37): CodeIgniter\CodeIgniter->run()
#4 C:\Users\redmibook\Videos\CBT\system\Commands\Server\rewrite.php(43): require_once('C:\\Users\\redmib...')
#5 {main}
CRITICAL - 2025-02-19 10:01:13 --> syntax error, unexpected 'public' (T_PUBLIC)
#0 C:\Users\redmibook\Videos\CBT\system\Router\Router.php(175): CodeIgniter\Router\Router->autoRoute('home/aksi_login')
#1 C:\Users\redmibook\Videos\CBT\system\CodeIgniter.php(726): CodeIgniter\Router\Router->handle('home/aksi_login')
#2 C:\Users\redmibook\Videos\CBT\system\CodeIgniter.php(368): CodeIgniter\CodeIgniter->tryToRouteIt(Object(CodeIgniter\Router\RouteCollection))
#3 C:\Users\redmibook\Videos\CBT\system\CodeIgniter.php(326): CodeIgniter\CodeIgniter->handleRequest(NULL, Object(Config\Cache), false)
#4 C:\Users\redmibook\Videos\CBT\public\index.php(37): CodeIgniter\CodeIgniter->run()
#5 C:\Users\redmibook\Videos\CBT\system\Commands\Server\rewrite.php(43): require_once('C:\\Users\\redmib...')
#6 {main}
CRITICAL - 2025-02-19 10:05:37 -->  route cannot be found while reverse-routing.
#0 C:\Users\redmibook\Videos\CBT\system\HTTP\RedirectResponse.php(56): CodeIgniter\HTTP\Exceptions\HTTPException::forInvalidRedirectRoute('')
#1 C:\Users\redmibook\Videos\CBT\system\Common.php(832): CodeIgniter\HTTP\RedirectResponse->route(false)
#2 C:\Users\redmibook\Videos\CBT\app\Controllers\Home.php(362): redirect('home/error')
#3 C:\Users\redmibook\Videos\CBT\system\CodeIgniter.php(832): App\Controllers\Home->result('1')
#4 C:\Users\redmibook\Videos\CBT\system\CodeIgniter.php(419): CodeIgniter\CodeIgniter->runController(Object(App\Controllers\Home))
#5 C:\Users\redmibook\Videos\CBT\system\CodeIgniter.php(326): CodeIgniter\CodeIgniter->handleRequest(NULL, Object(Config\Cache), false)
#6 C:\Users\redmibook\Videos\CBT\public\index.php(37): CodeIgniter\CodeIgniter->run()
#7 C:\Users\redmibook\Videos\CBT\system\Commands\Server\rewrite.php(43): require_once('C:\\Users\\redmib...')
#8 {main}
CRITICAL - 2025-02-19 10:05:49 -->  route cannot be found while reverse-routing.
#0 C:\Users\redmibook\Videos\CBT\system\HTTP\RedirectResponse.php(56): CodeIgniter\HTTP\Exceptions\HTTPException::forInvalidRedirectRoute('')
#1 C:\Users\redmibook\Videos\CBT\system\Common.php(832): CodeIgniter\HTTP\RedirectResponse->route(false)
#2 C:\Users\redmibook\Videos\CBT\app\Controllers\Home.php(362): redirect('home/error')
#3 C:\Users\redmibook\Videos\CBT\system\CodeIgniter.php(832): App\Controllers\Home->result('1')
#4 C:\Users\redmibook\Videos\CBT\system\CodeIgniter.php(419): CodeIgniter\CodeIgniter->runController(Object(App\Controllers\Home))
#5 C:\Users\redmibook\Videos\CBT\system\CodeIgniter.php(326): CodeIgniter\CodeIgniter->handleRequest(NULL, Object(Config\Cache), false)
#6 C:\Users\redmibook\Videos\CBT\public\index.php(37): CodeIgniter\CodeIgniter->run()
#7 C:\Users\redmibook\Videos\CBT\system\Commands\Server\rewrite.php(43): require_once('C:\\Users\\redmib...')
#8 {main}
CRITICAL - 2025-02-19 10:06:39 -->  route cannot be found while reverse-routing.
#0 C:\Users\redmibook\Videos\CBT\system\HTTP\RedirectResponse.php(56): CodeIgniter\HTTP\Exceptions\HTTPException::forInvalidRedirectRoute('')
#1 C:\Users\redmibook\Videos\CBT\system\Common.php(832): CodeIgniter\HTTP\RedirectResponse->route(false)
#2 C:\Users\redmibook\Videos\CBT\app\Controllers\Home.php(362): redirect('home/error')
#3 C:\Users\redmibook\Videos\CBT\system\CodeIgniter.php(832): App\Controllers\Home->result('1')
#4 C:\Users\redmibook\Videos\CBT\system\CodeIgniter.php(419): CodeIgniter\CodeIgniter->runController(Object(App\Controllers\Home))
#5 C:\Users\redmibook\Videos\CBT\system\CodeIgniter.php(326): CodeIgniter\CodeIgniter->handleRequest(NULL, Object(Config\Cache), false)
#6 C:\Users\redmibook\Videos\CBT\public\index.php(37): CodeIgniter\CodeIgniter->run()
#7 C:\Users\redmibook\Videos\CBT\system\Commands\Server\rewrite.php(43): require_once('C:\\Users\\redmib...')
#8 {main}
CRITICAL - 2025-02-19 10:06:41 -->  route cannot be found while reverse-routing.
#0 C:\Users\redmibook\Videos\CBT\system\HTTP\RedirectResponse.php(56): CodeIgniter\HTTP\Exceptions\HTTPException::forInvalidRedirectRoute('')
#1 C:\Users\redmibook\Videos\CBT\system\Common.php(832): CodeIgniter\HTTP\RedirectResponse->route(false)
#2 C:\Users\redmibook\Videos\CBT\app\Controllers\Home.php(362): redirect('home/error')
#3 C:\Users\redmibook\Videos\CBT\system\CodeIgniter.php(832): App\Controllers\Home->result('1')
#4 C:\Users\redmibook\Videos\CBT\system\CodeIgniter.php(419): CodeIgniter\CodeIgniter->runController(Object(App\Controllers\Home))
#5 C:\Users\redmibook\Videos\CBT\system\CodeIgniter.php(326): CodeIgniter\CodeIgniter->handleRequest(NULL, Object(Config\Cache), false)
#6 C:\Users\redmibook\Videos\CBT\public\index.php(37): CodeIgniter\CodeIgniter->run()
#7 C:\Users\redmibook\Videos\CBT\system\Commands\Server\rewrite.php(43): require_once('C:\\Users\\redmib...')
#8 {main}
CRITICAL - 2025-02-19 10:07:30 -->  route cannot be found while reverse-routing.
#0 C:\Users\redmibook\Videos\CBT\system\HTTP\RedirectResponse.php(56): CodeIgniter\HTTP\Exceptions\HTTPException::forInvalidRedirectRoute('')
#1 C:\Users\redmibook\Videos\CBT\system\Common.php(832): CodeIgniter\HTTP\RedirectResponse->route(false)
#2 C:\Users\redmibook\Videos\CBT\app\Controllers\Home.php(362): redirect('home/error')
#3 C:\Users\redmibook\Videos\CBT\system\CodeIgniter.php(832): App\Controllers\Home->result('1')
#4 C:\Users\redmibook\Videos\CBT\system\CodeIgniter.php(419): CodeIgniter\CodeIgniter->runController(Object(App\Controllers\Home))
#5 C:\Users\redmibook\Videos\CBT\system\CodeIgniter.php(326): CodeIgniter\CodeIgniter->handleRequest(NULL, Object(Config\Cache), false)
#6 C:\Users\redmibook\Videos\CBT\public\index.php(37): CodeIgniter\CodeIgniter->run()
#7 C:\Users\redmibook\Videos\CBT\system\Commands\Server\rewrite.php(43): require_once('C:\\Users\\redmib...')
#8 {main}
CRITICAL - 2025-02-19 10:09:07 -->  route cannot be found while reverse-routing.
#0 C:\Users\redmibook\Videos\CBT\system\HTTP\RedirectResponse.php(56): CodeIgniter\HTTP\Exceptions\HTTPException::forInvalidRedirectRoute('')
#1 C:\Users\redmibook\Videos\CBT\system\Common.php(832): CodeIgniter\HTTP\RedirectResponse->route(false)
#2 C:\Users\redmibook\Videos\CBT\app\Controllers\Home.php(362): redirect('home/error')
#3 C:\Users\redmibook\Videos\CBT\system\CodeIgniter.php(832): App\Controllers\Home->result('1')
#4 C:\Users\redmibook\Videos\CBT\system\CodeIgniter.php(419): CodeIgniter\CodeIgniter->runController(Object(App\Controllers\Home))
#5 C:\Users\redmibook\Videos\CBT\system\CodeIgniter.php(326): CodeIgniter\CodeIgniter->handleRequest(NULL, Object(Config\Cache), false)
#6 C:\Users\redmibook\Videos\CBT\public\index.php(37): CodeIgniter\CodeIgniter->run()
#7 C:\Users\redmibook\Videos\CBT\system\Commands\Server\rewrite.php(43): require_once('C:\\Users\\redmib...')
#8 {main}
CRITICAL - 2025-02-19 10:10:49 -->  route cannot be found while reverse-routing.
#0 C:\Users\redmibook\Videos\CBT\system\HTTP\RedirectResponse.php(56): CodeIgniter\HTTP\Exceptions\HTTPException::forInvalidRedirectRoute('')
#1 C:\Users\redmibook\Videos\CBT\system\Common.php(832): CodeIgniter\HTTP\RedirectResponse->route(false)
#2 C:\Users\redmibook\Videos\CBT\app\Controllers\Home.php(362): redirect('home/error')
#3 C:\Users\redmibook\Videos\CBT\system\CodeIgniter.php(832): App\Controllers\Home->result('1')
#4 C:\Users\redmibook\Videos\CBT\system\CodeIgniter.php(419): CodeIgniter\CodeIgniter->runController(Object(App\Controllers\Home))
#5 C:\Users\redmibook\Videos\CBT\system\CodeIgniter.php(326): CodeIgniter\CodeIgniter->handleRequest(NULL, Object(Config\Cache), false)
#6 C:\Users\redmibook\Videos\CBT\public\index.php(37): CodeIgniter\CodeIgniter->run()
#7 C:\Users\redmibook\Videos\CBT\system\Commands\Server\rewrite.php(43): require_once('C:\\Users\\redmib...')
#8 {main}
CRITICAL - 2025-02-19 10:10:52 --> Too few arguments to function App\Controllers\Home::result(), 0 passed in C:\Users\redmibook\Videos\CBT\system\CodeIgniter.php on line 832 and exactly 1 expected
#0 C:\Users\redmibook\Videos\CBT\system\CodeIgniter.php(832): App\Controllers\Home->result()
#1 C:\Users\redmibook\Videos\CBT\system\CodeIgniter.php(419): CodeIgniter\CodeIgniter->runController(Object(App\Controllers\Home))
#2 C:\Users\redmibook\Videos\CBT\system\CodeIgniter.php(326): CodeIgniter\CodeIgniter->handleRequest(NULL, Object(Config\Cache), false)
#3 C:\Users\redmibook\Videos\CBT\public\index.php(37): CodeIgniter\CodeIgniter->run()
#4 C:\Users\redmibook\Videos\CBT\system\Commands\Server\rewrite.php(43): require_once('C:\\Users\\redmib...')
#5 {main}
CRITICAL - 2025-02-19 10:10:55 -->  route cannot be found while reverse-routing.
#0 C:\Users\redmibook\Videos\CBT\system\HTTP\RedirectResponse.php(56): CodeIgniter\HTTP\Exceptions\HTTPException::forInvalidRedirectRoute('')
#1 C:\Users\redmibook\Videos\CBT\system\Common.php(832): CodeIgniter\HTTP\RedirectResponse->route(false)
#2 C:\Users\redmibook\Videos\CBT\app\Controllers\Home.php(362): redirect('home/error')
#3 C:\Users\redmibook\Videos\CBT\system\CodeIgniter.php(832): App\Controllers\Home->result('2')
#4 C:\Users\redmibook\Videos\CBT\system\CodeIgniter.php(419): CodeIgniter\CodeIgniter->runController(Object(App\Controllers\Home))
#5 C:\Users\redmibook\Videos\CBT\system\CodeIgniter.php(326): CodeIgniter\CodeIgniter->handleRequest(NULL, Object(Config\Cache), false)
#6 C:\Users\redmibook\Videos\CBT\public\index.php(37): CodeIgniter\CodeIgniter->run()
#7 C:\Users\redmibook\Videos\CBT\system\Commands\Server\rewrite.php(43): require_once('C:\\Users\\redmib...')
#8 {main}
CRITICAL - 2025-02-19 10:11:02 --> Too few arguments to function App\Controllers\Home::answer(), 0 passed in C:\Users\redmibook\Videos\CBT\system\CodeIgniter.php on line 832 and exactly 1 expected
#0 C:\Users\redmibook\Videos\CBT\system\CodeIgniter.php(832): App\Controllers\Home->answer()
#1 C:\Users\redmibook\Videos\CBT\system\CodeIgniter.php(419): CodeIgniter\CodeIgniter->runController(Object(App\Controllers\Home))
#2 C:\Users\redmibook\Videos\CBT\system\CodeIgniter.php(326): CodeIgniter\CodeIgniter->handleRequest(NULL, Object(Config\Cache), false)
#3 C:\Users\redmibook\Videos\CBT\public\index.php(37): CodeIgniter\CodeIgniter->run()
#4 C:\Users\redmibook\Videos\CBT\system\Commands\Server\rewrite.php(43): require_once('C:\\Users\\redmib...')
#5 {main}
CRITICAL - 2025-02-19 10:11:11 -->  route cannot be found while reverse-routing.
#0 C:\Users\redmibook\Videos\CBT\system\HTTP\RedirectResponse.php(56): CodeIgniter\HTTP\Exceptions\HTTPException::forInvalidRedirectRoute('')
#1 C:\Users\redmibook\Videos\CBT\system\Common.php(832): CodeIgniter\HTTP\RedirectResponse->route(false)
#2 C:\Users\redmibook\Videos\CBT\app\Controllers\Home.php(362): redirect('home/error')
#3 C:\Users\redmibook\Videos\CBT\system\CodeIgniter.php(832): App\Controllers\Home->result('1')
#4 C:\Users\redmibook\Videos\CBT\system\CodeIgniter.php(419): CodeIgniter\CodeIgniter->runController(Object(App\Controllers\Home))
#5 C:\Users\redmibook\Videos\CBT\system\CodeIgniter.php(326): CodeIgniter\CodeIgniter->handleRequest(NULL, Object(Config\Cache), false)
#6 C:\Users\redmibook\Videos\CBT\public\index.php(37): CodeIgniter\CodeIgniter->run()
#7 C:\Users\redmibook\Videos\CBT\system\Commands\Server\rewrite.php(43): require_once('C:\\Users\\redmib...')
#8 {main}
CRITICAL - 2025-02-19 10:11:39 --> syntax error, unexpected 'public' (T_PUBLIC)
#0 C:\Users\redmibook\Videos\CBT\system\Router\Router.php(175): CodeIgniter\Router\Router->autoRoute('home/result/1')
#1 C:\Users\redmibook\Videos\CBT\system\CodeIgniter.php(726): CodeIgniter\Router\Router->handle('home/result/1')
#2 C:\Users\redmibook\Videos\CBT\system\CodeIgniter.php(368): CodeIgniter\CodeIgniter->tryToRouteIt(Object(CodeIgniter\Router\RouteCollection))
#3 C:\Users\redmibook\Videos\CBT\system\CodeIgniter.php(326): CodeIgniter\CodeIgniter->handleRequest(NULL, Object(Config\Cache), false)
#4 C:\Users\redmibook\Videos\CBT\public\index.php(37): CodeIgniter\CodeIgniter->run()
#5 C:\Users\redmibook\Videos\CBT\system\Commands\Server\rewrite.php(43): require_once('C:\\Users\\redmib...')
#6 {main}
CRITICAL - 2025-02-19 10:11:54 -->  route cannot be found while reverse-routing.
#0 C:\Users\redmibook\Videos\CBT\system\HTTP\RedirectResponse.php(56): CodeIgniter\HTTP\Exceptions\HTTPException::forInvalidRedirectRoute('')
#1 C:\Users\redmibook\Videos\CBT\system\Common.php(832): CodeIgniter\HTTP\RedirectResponse->route(false)
#2 C:\Users\redmibook\Videos\CBT\app\Controllers\Home.php(360): redirect('home/error')
#3 C:\Users\redmibook\Videos\CBT\system\CodeIgniter.php(832): App\Controllers\Home->result('1')
#4 C:\Users\redmibook\Videos\CBT\system\CodeIgniter.php(419): CodeIgniter\CodeIgniter->runController(Object(App\Controllers\Home))
#5 C:\Users\redmibook\Videos\CBT\system\CodeIgniter.php(326): CodeIgniter\CodeIgniter->handleRequest(NULL, Object(Config\Cache), false)
#6 C:\Users\redmibook\Videos\CBT\public\index.php(37): CodeIgniter\CodeIgniter->run()
#7 C:\Users\redmibook\Videos\CBT\system\Commands\Server\rewrite.php(43): require_once('C:\\Users\\redmib...')
#8 {main}
CRITICAL - 2025-02-19 10:12:43 -->  route cannot be found while reverse-routing.
#0 C:\Users\redmibook\Videos\CBT\system\HTTP\RedirectResponse.php(56): CodeIgniter\HTTP\Exceptions\HTTPException::forInvalidRedirectRoute('')
#1 C:\Users\redmibook\Videos\CBT\system\Common.php(832): CodeIgniter\HTTP\RedirectResponse->route(false)
#2 C:\Users\redmibook\Videos\CBT\app\Controllers\Home.php(360): redirect('home/error')
#3 C:\Users\redmibook\Videos\CBT\system\CodeIgniter.php(832): App\Controllers\Home->result('1')
#4 C:\Users\redmibook\Videos\CBT\system\CodeIgniter.php(419): CodeIgniter\CodeIgniter->runController(Object(App\Controllers\Home))
#5 C:\Users\redmibook\Videos\CBT\system\CodeIgniter.php(326): CodeIgniter\CodeIgniter->handleRequest(NULL, Object(Config\Cache), false)
#6 C:\Users\redmibook\Videos\CBT\public\index.php(37): CodeIgniter\CodeIgniter->run()
#7 C:\Users\redmibook\Videos\CBT\system\Commands\Server\rewrite.php(43): require_once('C:\\Users\\redmib...')
#8 {main}
CRITICAL - 2025-02-19 10:12:47 -->  route cannot be found while reverse-routing.
#0 C:\Users\redmibook\Videos\CBT\system\HTTP\RedirectResponse.php(56): CodeIgniter\HTTP\Exceptions\HTTPException::forInvalidRedirectRoute('')
#1 C:\Users\redmibook\Videos\CBT\system\Common.php(832): CodeIgniter\HTTP\RedirectResponse->route(false)
#2 C:\Users\redmibook\Videos\CBT\app\Controllers\Home.php(360): redirect('home/error')
#3 C:\Users\redmibook\Videos\CBT\system\CodeIgniter.php(832): App\Controllers\Home->result('2')
#4 C:\Users\redmibook\Videos\CBT\system\CodeIgniter.php(419): CodeIgniter\CodeIgniter->runController(Object(App\Controllers\Home))
#5 C:\Users\redmibook\Videos\CBT\system\CodeIgniter.php(326): CodeIgniter\CodeIgniter->handleRequest(NULL, Object(Config\Cache), false)
#6 C:\Users\redmibook\Videos\CBT\public\index.php(37): CodeIgniter\CodeIgniter->run()
#7 C:\Users\redmibook\Videos\CBT\system\Commands\Server\rewrite.php(43): require_once('C:\\Users\\redmib...')
#8 {main}
CRITICAL - 2025-02-19 10:12:49 -->  route cannot be found while reverse-routing.
#0 C:\Users\redmibook\Videos\CBT\system\HTTP\RedirectResponse.php(56): CodeIgniter\HTTP\Exceptions\HTTPException::forInvalidRedirectRoute('')
#1 C:\Users\redmibook\Videos\CBT\system\Common.php(832): CodeIgniter\HTTP\RedirectResponse->route(false)
#2 C:\Users\redmibook\Videos\CBT\app\Controllers\Home.php(360): redirect('home/error')
#3 C:\Users\redmibook\Videos\CBT\system\CodeIgniter.php(832): App\Controllers\Home->result('1')
#4 C:\Users\redmibook\Videos\CBT\system\CodeIgniter.php(419): CodeIgniter\CodeIgniter->runController(Object(App\Controllers\Home))
#5 C:\Users\redmibook\Videos\CBT\system\CodeIgniter.php(326): CodeIgniter\CodeIgniter->handleRequest(NULL, Object(Config\Cache), false)
#6 C:\Users\redmibook\Videos\CBT\public\index.php(37): CodeIgniter\CodeIgniter->run()
#7 C:\Users\redmibook\Videos\CBT\system\Commands\Server\rewrite.php(43): require_once('C:\\Users\\redmib...')
#8 {main}
CRITICAL - 2025-02-19 10:12:58 -->  route cannot be found while reverse-routing.
#0 C:\Users\redmibook\Videos\CBT\system\HTTP\RedirectResponse.php(56): CodeIgniter\HTTP\Exceptions\HTTPException::forInvalidRedirectRoute('')
#1 C:\Users\redmibook\Videos\CBT\system\Common.php(832): CodeIgniter\HTTP\RedirectResponse->route(false)
#2 C:\Users\redmibook\Videos\CBT\app\Controllers\Home.php(360): redirect('home/error')
#3 C:\Users\redmibook\Videos\CBT\system\CodeIgniter.php(832): App\Controllers\Home->result('1')
#4 C:\Users\redmibook\Videos\CBT\system\CodeIgniter.php(419): CodeIgniter\CodeIgniter->runController(Object(App\Controllers\Home))
#5 C:\Users\redmibook\Videos\CBT\system\CodeIgniter.php(326): CodeIgniter\CodeIgniter->handleRequest(NULL, Object(Config\Cache), false)
#6 C:\Users\redmibook\Videos\CBT\public\index.php(37): CodeIgniter\CodeIgniter->run()
#7 C:\Users\redmibook\Videos\CBT\system\Commands\Server\rewrite.php(43): require_once('C:\\Users\\redmib...')
#8 {main}
CRITICAL - 2025-02-19 10:14:12 -->  route cannot be found while reverse-routing.
#0 C:\Users\redmibook\Videos\CBT\system\HTTP\RedirectResponse.php(56): CodeIgniter\HTTP\Exceptions\HTTPException::forInvalidRedirectRoute('')
#1 C:\Users\redmibook\Videos\CBT\system\Common.php(832): CodeIgniter\HTTP\RedirectResponse->route(false)
#2 C:\Users\redmibook\Videos\CBT\app\Controllers\Home.php(360): redirect('home/error')
#3 C:\Users\redmibook\Videos\CBT\system\CodeIgniter.php(832): App\Controllers\Home->result('1')
#4 C:\Users\redmibook\Videos\CBT\system\CodeIgniter.php(419): CodeIgniter\CodeIgniter->runController(Object(App\Controllers\Home))
#5 C:\Users\redmibook\Videos\CBT\system\CodeIgniter.php(326): CodeIgniter\CodeIgniter->handleRequest(NULL, Object(Config\Cache), false)
#6 C:\Users\redmibook\Videos\CBT\public\index.php(37): CodeIgniter\CodeIgniter->run()
#7 C:\Users\redmibook\Videos\CBT\system\Commands\Server\rewrite.php(43): require_once('C:\\Users\\redmib...')
#8 {main}
CRITICAL - 2025-02-19 10:14:20 -->  route cannot be found while reverse-routing.
#0 C:\Users\redmibook\Videos\CBT\system\HTTP\RedirectResponse.php(56): CodeIgniter\HTTP\Exceptions\HTTPException::forInvalidRedirectRoute('')
#1 C:\Users\redmibook\Videos\CBT\system\Common.php(832): CodeIgniter\HTTP\RedirectResponse->route(false)
#2 C:\Users\redmibook\Videos\CBT\app\Controllers\Home.php(360): redirect('home/error')
#3 C:\Users\redmibook\Videos\CBT\system\CodeIgniter.php(832): App\Controllers\Home->result('1')
#4 C:\Users\redmibook\Videos\CBT\system\CodeIgniter.php(419): CodeIgniter\CodeIgniter->runController(Object(App\Controllers\Home))
#5 C:\Users\redmibook\Videos\CBT\system\CodeIgniter.php(326): CodeIgniter\CodeIgniter->handleRequest(NULL, Object(Config\Cache), false)
#6 C:\Users\redmibook\Videos\CBT\public\index.php(37): CodeIgniter\CodeIgniter->run()
#7 C:\Users\redmibook\Videos\CBT\system\Commands\Server\rewrite.php(43): require_once('C:\\Users\\redmib...')
#8 {main}
CRITICAL - 2025-02-19 10:16:39 --> Invalid file: home/error.php
#0 C:\Users\redmibook\Videos\CBT\system\View\View.php(198): CodeIgniter\Exceptions\FrameworkException::forInvalidFile('home/error.php')
#1 C:\Users\redmibook\Videos\CBT\system\Common.php(1089): CodeIgniter\View\View->render('home/error', Array, true)
#2 C:\Users\redmibook\Videos\CBT\app\Controllers\Home.php(360): view('home/error')
#3 C:\Users\redmibook\Videos\CBT\system\CodeIgniter.php(832): App\Controllers\Home->result('1')
#4 C:\Users\redmibook\Videos\CBT\system\CodeIgniter.php(419): CodeIgniter\CodeIgniter->runController(Object(App\Controllers\Home))
#5 C:\Users\redmibook\Videos\CBT\system\CodeIgniter.php(326): CodeIgniter\CodeIgniter->handleRequest(NULL, Object(Config\Cache), false)
#6 C:\Users\redmibook\Videos\CBT\public\index.php(37): CodeIgniter\CodeIgniter->run()
#7 C:\Users\redmibook\Videos\CBT\system\Commands\Server\rewrite.php(43): require_once('C:\\Users\\redmib...')
#8 {main}
CRITICAL - 2025-02-19 10:26:32 --> Call to undefined method App\Controllers\Home::getLatestExamResult()
#0 C:\Users\redmibook\Videos\CBT\system\CodeIgniter.php(832): App\Controllers\Home->result(NULL)
#1 C:\Users\redmibook\Videos\CBT\system\CodeIgniter.php(419): CodeIgniter\CodeIgniter->runController(Object(App\Controllers\Home))
#2 C:\Users\redmibook\Videos\CBT\system\CodeIgniter.php(326): CodeIgniter\CodeIgniter->handleRequest(NULL, Object(Config\Cache), false)
#3 C:\Users\redmibook\Videos\CBT\public\index.php(37): CodeIgniter\CodeIgniter->run()
#4 C:\Users\redmibook\Videos\CBT\system\Commands\Server\rewrite.php(43): require_once('C:\\Users\\redmib...')
#5 {main}
CRITICAL - 2025-02-19 10:30:59 --> Call to undefined method CodeIgniter\Database\MySQLi\Result::orderBy()
#0 C:\Users\redmibook\Videos\CBT\app\Controllers\Home.php(358): App\Models\M_belajar->get_user_result('1', '7')
#1 C:\Users\redmibook\Videos\CBT\system\CodeIgniter.php(832): App\Controllers\Home->result('1')
#2 C:\Users\redmibook\Videos\CBT\system\CodeIgniter.php(419): CodeIgniter\CodeIgniter->runController(Object(App\Controllers\Home))
#3 C:\Users\redmibook\Videos\CBT\system\CodeIgniter.php(326): CodeIgniter\CodeIgniter->handleRequest(NULL, Object(Config\Cache), false)
#4 C:\Users\redmibook\Videos\CBT\public\index.php(37): CodeIgniter\CodeIgniter->run()
#5 C:\Users\redmibook\Videos\CBT\system\Commands\Server\rewrite.php(43): require_once('C:\\Users\\redmib...')
#6 {main}
CRITICAL - 2025-02-19 10:31:32 --> Call to undefined method CodeIgniter\Database\MySQLi\Result::orderBy()
#0 C:\Users\redmibook\Videos\CBT\app\Controllers\Home.php(358): App\Models\M_belajar->get_user_result('1', '7')
#1 C:\Users\redmibook\Videos\CBT\system\CodeIgniter.php(832): App\Controllers\Home->result('1')
#2 C:\Users\redmibook\Videos\CBT\system\CodeIgniter.php(419): CodeIgniter\CodeIgniter->runController(Object(App\Controllers\Home))
#3 C:\Users\redmibook\Videos\CBT\system\CodeIgniter.php(326): CodeIgniter\CodeIgniter->handleRequest(NULL, Object(Config\Cache), false)
#4 C:\Users\redmibook\Videos\CBT\public\index.php(37): CodeIgniter\CodeIgniter->run()
#5 C:\Users\redmibook\Videos\CBT\system\Commands\Server\rewrite.php(43): require_once('C:\\Users\\redmib...')
#6 {main}
CRITICAL - 2025-02-19 10:31:48 --> Call to undefined method CodeIgniter\Database\MySQLi\Result::orderBy()
#0 C:\Users\redmibook\Videos\CBT\app\Controllers\Home.php(358): App\Models\M_belajar->get_user_result('1', '7')
#1 C:\Users\redmibook\Videos\CBT\system\CodeIgniter.php(832): App\Controllers\Home->result('1')
#2 C:\Users\redmibook\Videos\CBT\system\CodeIgniter.php(419): CodeIgniter\CodeIgniter->runController(Object(App\Controllers\Home))
#3 C:\Users\redmibook\Videos\CBT\system\CodeIgniter.php(326): CodeIgniter\CodeIgniter->handleRequest(NULL, Object(Config\Cache), false)
#4 C:\Users\redmibook\Videos\CBT\public\index.php(37): CodeIgniter\CodeIgniter->run()
#5 C:\Users\redmibook\Videos\CBT\system\Commands\Server\rewrite.php(43): require_once('C:\\Users\\redmib...')
#6 {main}
CRITICAL - 2025-02-19 10:32:50 --> Call to undefined method CodeIgniter\Database\MySQLi\Result::orderBy()
#0 C:\Users\redmibook\Videos\CBT\app\Controllers\Home.php(358): App\Models\M_belajar->get_user_result('1', '7')
#1 C:\Users\redmibook\Videos\CBT\system\CodeIgniter.php(832): App\Controllers\Home->result('1')
#2 C:\Users\redmibook\Videos\CBT\system\CodeIgniter.php(419): CodeIgniter\CodeIgniter->runController(Object(App\Controllers\Home))
#3 C:\Users\redmibook\Videos\CBT\system\CodeIgniter.php(326): CodeIgniter\CodeIgniter->handleRequest(NULL, Object(Config\Cache), false)
#4 C:\Users\redmibook\Videos\CBT\public\index.php(37): CodeIgniter\CodeIgniter->run()
#5 C:\Users\redmibook\Videos\CBT\system\Commands\Server\rewrite.php(43): require_once('C:\\Users\\redmib...')
#6 {main}
CRITICAL - 2025-02-19 10:32:54 --> Call to undefined method CodeIgniter\Database\MySQLi\Result::orderBy()
#0 C:\Users\redmibook\Videos\CBT\app\Controllers\Home.php(358): App\Models\M_belajar->get_user_result('1', '7')
#1 C:\Users\redmibook\Videos\CBT\system\CodeIgniter.php(832): App\Controllers\Home->result('1')
#2 C:\Users\redmibook\Videos\CBT\system\CodeIgniter.php(419): CodeIgniter\CodeIgniter->runController(Object(App\Controllers\Home))
#3 C:\Users\redmibook\Videos\CBT\system\CodeIgniter.php(326): CodeIgniter\CodeIgniter->handleRequest(NULL, Object(Config\Cache), false)
#4 C:\Users\redmibook\Videos\CBT\public\index.php(37): CodeIgniter\CodeIgniter->run()
#5 C:\Users\redmibook\Videos\CBT\system\Commands\Server\rewrite.php(43): require_once('C:\\Users\\redmib...')
#6 {main}
CRITICAL - 2025-02-19 10:33:31 --> Call to undefined method CodeIgniter\Database\MySQLi\Result::orderBy()
#0 C:\Users\redmibook\Videos\CBT\app\Controllers\Home.php(358): App\Models\M_belajar->get_user_result('1', '7')
#1 C:\Users\redmibook\Videos\CBT\system\CodeIgniter.php(832): App\Controllers\Home->result('1')
#2 C:\Users\redmibook\Videos\CBT\system\CodeIgniter.php(419): CodeIgniter\CodeIgniter->runController(Object(App\Controllers\Home))
#3 C:\Users\redmibook\Videos\CBT\system\CodeIgniter.php(326): CodeIgniter\CodeIgniter->handleRequest(NULL, Object(Config\Cache), false)
#4 C:\Users\redmibook\Videos\CBT\public\index.php(37): CodeIgniter\CodeIgniter->run()
#5 C:\Users\redmibook\Videos\CBT\system\Commands\Server\rewrite.php(43): require_once('C:\\Users\\redmib...')
#6 {main}
CRITICAL - 2025-02-19 10:33:36 --> Call to undefined method CodeIgniter\Database\MySQLi\Result::orderBy()
#0 C:\Users\redmibook\Videos\CBT\app\Controllers\Home.php(358): App\Models\M_belajar->get_user_result('1', '7')
#1 C:\Users\redmibook\Videos\CBT\system\CodeIgniter.php(832): App\Controllers\Home->result('1')
#2 C:\Users\redmibook\Videos\CBT\system\CodeIgniter.php(419): CodeIgniter\CodeIgniter->runController(Object(App\Controllers\Home))
#3 C:\Users\redmibook\Videos\CBT\system\CodeIgniter.php(326): CodeIgniter\CodeIgniter->handleRequest(NULL, Object(Config\Cache), false)
#4 C:\Users\redmibook\Videos\CBT\public\index.php(37): CodeIgniter\CodeIgniter->run()
#5 C:\Users\redmibook\Videos\CBT\system\Commands\Server\rewrite.php(43): require_once('C:\\Users\\redmib...')
#6 {main}
CRITICAL - 2025-02-19 10:34:06 --> Call to undefined method CodeIgniter\Database\MySQLi\Result::orderBy()
#0 C:\Users\redmibook\Videos\CBT\app\Controllers\Home.php(358): App\Models\M_belajar->get_user_result('1', '7')
#1 C:\Users\redmibook\Videos\CBT\system\CodeIgniter.php(832): App\Controllers\Home->result('1')
#2 C:\Users\redmibook\Videos\CBT\system\CodeIgniter.php(419): CodeIgniter\CodeIgniter->runController(Object(App\Controllers\Home))
#3 C:\Users\redmibook\Videos\CBT\system\CodeIgniter.php(326): CodeIgniter\CodeIgniter->handleRequest(NULL, Object(Config\Cache), false)
#4 C:\Users\redmibook\Videos\CBT\public\index.php(37): CodeIgniter\CodeIgniter->run()
#5 C:\Users\redmibook\Videos\CBT\system\Commands\Server\rewrite.php(43): require_once('C:\\Users\\redmib...')
#6 {main}
CRITICAL - 2025-02-19 10:35:21 --> Call to undefined method CodeIgniter\Database\MySQLi\Result::limit()
#0 C:\Users\redmibook\Videos\CBT\app\Controllers\Home.php(358): App\Models\M_belajar->get_user_result('1', '7')
#1 C:\Users\redmibook\Videos\CBT\system\CodeIgniter.php(832): App\Controllers\Home->result('1')
#2 C:\Users\redmibook\Videos\CBT\system\CodeIgniter.php(419): CodeIgniter\CodeIgniter->runController(Object(App\Controllers\Home))
#3 C:\Users\redmibook\Videos\CBT\system\CodeIgniter.php(326): CodeIgniter\CodeIgniter->handleRequest(NULL, Object(Config\Cache), false)
#4 C:\Users\redmibook\Videos\CBT\public\index.php(37): CodeIgniter\CodeIgniter->run()
#5 C:\Users\redmibook\Videos\CBT\system\Commands\Server\rewrite.php(43): require_once('C:\\Users\\redmib...')
#6 {main}
CRITICAL - 2025-02-19 10:35:59 --> Call to undefined method CodeIgniter\Database\MySQLi\Result::get()
#0 C:\Users\redmibook\Videos\CBT\app\Controllers\Home.php(358): App\Models\M_belajar->get_user_result('1', '7')
#1 C:\Users\redmibook\Videos\CBT\system\CodeIgniter.php(832): App\Controllers\Home->result('1')
#2 C:\Users\redmibook\Videos\CBT\system\CodeIgniter.php(419): CodeIgniter\CodeIgniter->runController(Object(App\Controllers\Home))
#3 C:\Users\redmibook\Videos\CBT\system\CodeIgniter.php(326): CodeIgniter\CodeIgniter->handleRequest(NULL, Object(Config\Cache), false)
#4 C:\Users\redmibook\Videos\CBT\public\index.php(37): CodeIgniter\CodeIgniter->run()
#5 C:\Users\redmibook\Videos\CBT\system\Commands\Server\rewrite.php(43): require_once('C:\\Users\\redmib...')
#6 {main}
CRITICAL - 2025-02-19 22:21:08 --> Call to undefined method App\Controllers\Home::input()
#0 C:\Users\redmibook\Videos\CBT\system\CodeIgniter.php(832): App\Controllers\Home->store()
#1 C:\Users\redmibook\Videos\CBT\system\CodeIgniter.php(419): CodeIgniter\CodeIgniter->runController(Object(App\Controllers\Home))
#2 C:\Users\redmibook\Videos\CBT\system\CodeIgniter.php(326): CodeIgniter\CodeIgniter->handleRequest(NULL, Object(Config\Cache), false)
#3 C:\Users\redmibook\Videos\CBT\public\index.php(37): CodeIgniter\CodeIgniter->run()
#4 C:\Users\redmibook\Videos\CBT\system\Commands\Server\rewrite.php(43): require_once('C:\\Users\\redmib...')
#5 {main}
CRITICAL - 2025-02-19 22:21:58 --> Call to a member function insertID() on null
#0 C:\Users\redmibook\Videos\CBT\system\CodeIgniter.php(832): App\Controllers\Home->store()
#1 C:\Users\redmibook\Videos\CBT\system\CodeIgniter.php(419): CodeIgniter\CodeIgniter->runController(Object(App\Controllers\Home))
#2 C:\Users\redmibook\Videos\CBT\system\CodeIgniter.php(326): CodeIgniter\CodeIgniter->handleRequest(NULL, Object(Config\Cache), false)
#3 C:\Users\redmibook\Videos\CBT\public\index.php(37): CodeIgniter\CodeIgniter->run()
#4 C:\Users\redmibook\Videos\CBT\system\Commands\Server\rewrite.php(43): require_once('C:\\Users\\redmib...')
#5 {main}
CRITICAL - 2025-02-19 22:54:56 --> syntax error, unexpected '}', expecting ';' or ','
#0 C:\Users\redmibook\Videos\CBT\system\Router\Router.php(175): CodeIgniter\Router\Router->autoRoute('home/result/6')
#1 C:\Users\redmibook\Videos\CBT\system\CodeIgniter.php(726): CodeIgniter\Router\Router->handle('home/result/6')
#2 C:\Users\redmibook\Videos\CBT\system\CodeIgniter.php(368): CodeIgniter\CodeIgniter->tryToRouteIt(Object(CodeIgniter\Router\RouteCollection))
#3 C:\Users\redmibook\Videos\CBT\system\CodeIgniter.php(326): CodeIgniter\CodeIgniter->handleRequest(NULL, Object(Config\Cache), false)
#4 C:\Users\redmibook\Videos\CBT\public\index.php(37): CodeIgniter\CodeIgniter->run()
#5 C:\Users\redmibook\Videos\CBT\system\Commands\Server\rewrite.php(43): require_once('C:\\Users\\redmib...')
#6 {main}
CRITICAL - 2025-02-19 22:55:02 --> syntax error, unexpected '}', expecting ';' or ','
#0 C:\Users\redmibook\Videos\CBT\system\Router\Router.php(175): CodeIgniter\Router\Router->autoRoute('home/result/6')
#1 C:\Users\redmibook\Videos\CBT\system\CodeIgniter.php(726): CodeIgniter\Router\Router->handle('home/result/6')
#2 C:\Users\redmibook\Videos\CBT\system\CodeIgniter.php(368): CodeIgniter\CodeIgniter->tryToRouteIt(Object(CodeIgniter\Router\RouteCollection))
#3 C:\Users\redmibook\Videos\CBT\system\CodeIgniter.php(326): CodeIgniter\CodeIgniter->handleRequest(NULL, Object(Config\Cache), false)
#4 C:\Users\redmibook\Videos\CBT\public\index.php(37): CodeIgniter\CodeIgniter->run()
#5 C:\Users\redmibook\Videos\CBT\system\Commands\Server\rewrite.php(43): require_once('C:\\Users\\redmib...')
#6 {main}
CRITICAL - 2025-02-19 22:55:10 --> syntax error, unexpected 'public' (T_PUBLIC)
#0 C:\Users\redmibook\Videos\CBT\system\Router\Router.php(175): CodeIgniter\Router\Router->autoRoute('home/result/6')
#1 C:\Users\redmibook\Videos\CBT\system\CodeIgniter.php(726): CodeIgniter\Router\Router->handle('home/result/6')
#2 C:\Users\redmibook\Videos\CBT\system\CodeIgniter.php(368): CodeIgniter\CodeIgniter->tryToRouteIt(Object(CodeIgniter\Router\RouteCollection))
#3 C:\Users\redmibook\Videos\CBT\system\CodeIgniter.php(326): CodeIgniter\CodeIgniter->handleRequest(NULL, Object(Config\Cache), false)
#4 C:\Users\redmibook\Videos\CBT\public\index.php(37): CodeIgniter\CodeIgniter->run()
#5 C:\Users\redmibook\Videos\CBT\system\Commands\Server\rewrite.php(43): require_once('C:\\Users\\redmib...')
#6 {main}
