CRITICAL - 2025-02-17 08:03:41 --> Request URI segment is out of range: 1
#0 C:\Users\redmibook\Videos\CBT\system\HTTP\URI.php(529): CodeIgniter\HTTP\Exceptions\HTTPException::forURISegmentOutOfRange(1)
#1 C:\Users\redmibook\Videos\CBT\app\Views\menu.php(2): CodeIgniter\HTTP\URI->getSegment(1)
#2 C:\Users\redmibook\Videos\CBT\system\View\View.php(210): include('C:\\Users\\redmib...')
#3 C:\Users\redmibook\Videos\CBT\system\View\View.php(213): CodeIgniter\View\View->CodeIgniter\View\{closure}()
#4 C:\Users\redmibook\Videos\CBT\system\Common.php(1089): CodeIgniter\View\View->render('menu', Array, true)
#5 C:\Users\redmibook\Videos\CBT\app\Controllers\Home.php(15): view('menu')
#6 C:\Users\redmibook\Videos\CBT\system\CodeIgniter.php(832): App\Controllers\Home->index()
#7 C:\Users\redmibook\Videos\CBT\system\CodeIgniter.php(419): CodeIgniter\CodeIgniter->runController(Object(App\Controllers\Home))
#8 C:\Users\redmibook\Videos\CBT\system\CodeIgniter.php(326): CodeIgniter\CodeIgniter->handleRequest(NULL, Object(Config\Cache), false)
#9 C:\Users\redmibook\Videos\CBT\public\index.php(37): CodeIgniter\CodeIgniter->run()
#10 C:\Users\redmibook\Videos\CBT\system\Commands\Server\rewrite.php(43): require_once('C:\\Users\\redmib...')
#11 {main}
CRITICAL - 2025-02-17 08:06:23 --> array_slice() expects parameter 1 to be array, null given
#0 [internal function]: CodeIgniter\Debug\Exceptions->errorHandler(2, 'array_slice() e...', 'C:\\Users\\redmib...', 26, Array)
#1 C:\Users\redmibook\Videos\CBT\app\Views\listing-page.php(26): array_slice(NULL, 0, 2)
#2 C:\Users\redmibook\Videos\CBT\system\View\View.php(210): include('C:\\Users\\redmib...')
#3 C:\Users\redmibook\Videos\CBT\system\View\View.php(213): CodeIgniter\View\View->CodeIgniter\View\{closure}()
#4 C:\Users\redmibook\Videos\CBT\system\Common.php(1089): CodeIgniter\View\View->render('listing-page', Array, true)
#5 C:\Users\redmibook\Videos\CBT\app\Controllers\Home.php(263): view('listing-page')
#6 C:\Users\redmibook\Videos\CBT\system\CodeIgniter.php(832): App\Controllers\Home->listing()
#7 C:\Users\redmibook\Videos\CBT\system\CodeIgniter.php(419): CodeIgniter\CodeIgniter->runController(Object(App\Controllers\Home))
#8 C:\Users\redmibook\Videos\CBT\system\CodeIgniter.php(326): CodeIgniter\CodeIgniter->handleRequest(NULL, Object(Config\Cache), false)
#9 C:\Users\redmibook\Videos\CBT\public\index.php(37): CodeIgniter\CodeIgniter->run()
#10 C:\Users\redmibook\Videos\CBT\system\Commands\Server\rewrite.php(43): require_once('C:\\Users\\redmib...')
#11 {main}
CRITICAL - 2025-02-17 08:08:03 --> array_slice() expects parameter 1 to be array, null given
#0 [internal function]: CodeIgniter\Debug\Exceptions->errorHandler(2, 'array_slice() e...', 'C:\\Users\\redmib...', 26, Array)
#1 C:\Users\redmibook\Videos\CBT\app\Views\listing-page.php(26): array_slice(NULL, 0, 2)
#2 C:\Users\redmibook\Videos\CBT\system\View\View.php(210): include('C:\\Users\\redmib...')
#3 C:\Users\redmibook\Videos\CBT\system\View\View.php(213): CodeIgniter\View\View->CodeIgniter\View\{closure}()
#4 C:\Users\redmibook\Videos\CBT\system\Common.php(1089): CodeIgniter\View\View->render('listing-page', Array, true)
#5 C:\Users\redmibook\Videos\CBT\app\Controllers\Home.php(263): view('listing-page')
#6 C:\Users\redmibook\Videos\CBT\system\CodeIgniter.php(832): App\Controllers\Home->listing()
#7 C:\Users\redmibook\Videos\CBT\system\CodeIgniter.php(419): CodeIgniter\CodeIgniter->runController(Object(App\Controllers\Home))
#8 C:\Users\redmibook\Videos\CBT\system\CodeIgniter.php(326): CodeIgniter\CodeIgniter->handleRequest(NULL, Object(Config\Cache), false)
#9 C:\Users\redmibook\Videos\CBT\public\index.php(37): CodeIgniter\CodeIgniter->run()
#10 C:\Users\redmibook\Videos\CBT\system\Commands\Server\rewrite.php(43): require_once('C:\\Users\\redmib...')
#11 {main}
CRITICAL - 2025-02-17 08:08:11 --> array_slice() expects parameter 1 to be array, null given
#0 [internal function]: CodeIgniter\Debug\Exceptions->errorHandler(2, 'array_slice() e...', 'C:\\Users\\redmib...', 26, Array)
#1 C:\Users\redmibook\Videos\CBT\app\Views\listing-page.php(26): array_slice(NULL, 0, 2)
#2 C:\Users\redmibook\Videos\CBT\system\View\View.php(210): include('C:\\Users\\redmib...')
#3 C:\Users\redmibook\Videos\CBT\system\View\View.php(213): CodeIgniter\View\View->CodeIgniter\View\{closure}()
#4 C:\Users\redmibook\Videos\CBT\system\Common.php(1089): CodeIgniter\View\View->render('listing-page', Array, true)
#5 C:\Users\redmibook\Videos\CBT\app\Controllers\Home.php(263): view('listing-page')
#6 C:\Users\redmibook\Videos\CBT\system\CodeIgniter.php(832): App\Controllers\Home->listing()
#7 C:\Users\redmibook\Videos\CBT\system\CodeIgniter.php(419): CodeIgniter\CodeIgniter->runController(Object(App\Controllers\Home))
#8 C:\Users\redmibook\Videos\CBT\system\CodeIgniter.php(326): CodeIgniter\CodeIgniter->handleRequest(NULL, Object(Config\Cache), false)
#9 C:\Users\redmibook\Videos\CBT\public\index.php(37): CodeIgniter\CodeIgniter->run()
#10 C:\Users\redmibook\Videos\CBT\system\Commands\Server\rewrite.php(43): require_once('C:\\Users\\redmib...')
#11 {main}
CRITICAL - 2025-02-17 08:08:23 --> array_slice() expects parameter 1 to be array, null given
#0 [internal function]: CodeIgniter\Debug\Exceptions->errorHandler(2, 'array_slice() e...', 'C:\\Users\\redmib...', 26, Array)
#1 C:\Users\redmibook\Videos\CBT\app\Views\listing-page.php(26): array_slice(NULL, 0, 2)
#2 C:\Users\redmibook\Videos\CBT\system\View\View.php(210): include('C:\\Users\\redmib...')
#3 C:\Users\redmibook\Videos\CBT\system\View\View.php(213): CodeIgniter\View\View->CodeIgniter\View\{closure}()
#4 C:\Users\redmibook\Videos\CBT\system\Common.php(1089): CodeIgniter\View\View->render('listing-page', Array, true)
#5 C:\Users\redmibook\Videos\CBT\app\Controllers\Home.php(263): view('listing-page')
#6 C:\Users\redmibook\Videos\CBT\system\CodeIgniter.php(832): App\Controllers\Home->listing()
#7 C:\Users\redmibook\Videos\CBT\system\CodeIgniter.php(419): CodeIgniter\CodeIgniter->runController(Object(App\Controllers\Home))
#8 C:\Users\redmibook\Videos\CBT\system\CodeIgniter.php(326): CodeIgniter\CodeIgniter->handleRequest(NULL, Object(Config\Cache), false)
#9 C:\Users\redmibook\Videos\CBT\public\index.php(37): CodeIgniter\CodeIgniter->run()
#10 C:\Users\redmibook\Videos\CBT\system\Commands\Server\rewrite.php(43): require_once('C:\\Users\\redmib...')
#11 {main}
CRITICAL - 2025-02-17 08:08:49 --> Invalid argument supplied for foreach()
#0 C:\Users\redmibook\Videos\CBT\app\Views\listing-page.php(26): CodeIgniter\Debug\Exceptions->errorHandler(2, 'Invalid argumen...', 'C:\\Users\\redmib...', 26, Array)
#1 C:\Users\redmibook\Videos\CBT\system\View\View.php(210): include('C:\\Users\\redmib...')
#2 C:\Users\redmibook\Videos\CBT\system\View\View.php(213): CodeIgniter\View\View->CodeIgniter\View\{closure}()
#3 C:\Users\redmibook\Videos\CBT\system\Common.php(1089): CodeIgniter\View\View->render('listing-page', Array, true)
#4 C:\Users\redmibook\Videos\CBT\app\Controllers\Home.php(263): view('listing-page')
#5 C:\Users\redmibook\Videos\CBT\system\CodeIgniter.php(832): App\Controllers\Home->listing()
#6 C:\Users\redmibook\Videos\CBT\system\CodeIgniter.php(419): CodeIgniter\CodeIgniter->runController(Object(App\Controllers\Home))
#7 C:\Users\redmibook\Videos\CBT\system\CodeIgniter.php(326): CodeIgniter\CodeIgniter->handleRequest(NULL, Object(Config\Cache), false)
#8 C:\Users\redmibook\Videos\CBT\public\index.php(37): CodeIgniter\CodeIgniter->run()
#9 C:\Users\redmibook\Videos\CBT\system\Commands\Server\rewrite.php(43): require_once('C:\\Users\\redmib...')
#10 {main}
CRITICAL - 2025-02-17 21:34:31 --> Request URI segment is out of range: 1
#0 C:\Users\redmibook\Videos\CBT\system\HTTP\URI.php(529): CodeIgniter\HTTP\Exceptions\HTTPException::forURISegmentOutOfRange(1)
#1 C:\Users\redmibook\Videos\CBT\app\Views\menu.php(2): CodeIgniter\HTTP\URI->getSegment(1)
#2 C:\Users\redmibook\Videos\CBT\system\View\View.php(210): include('C:\\Users\\redmib...')
#3 C:\Users\redmibook\Videos\CBT\system\View\View.php(213): CodeIgniter\View\View->CodeIgniter\View\{closure}()
#4 C:\Users\redmibook\Videos\CBT\system\Common.php(1089): CodeIgniter\View\View->render('menu', Array, true)
#5 C:\Users\redmibook\Videos\CBT\app\Controllers\Home.php(15): view('menu')
#6 C:\Users\redmibook\Videos\CBT\system\CodeIgniter.php(832): App\Controllers\Home->index()
#7 C:\Users\redmibook\Videos\CBT\system\CodeIgniter.php(419): CodeIgniter\CodeIgniter->runController(Object(App\Controllers\Home))
#8 C:\Users\redmibook\Videos\CBT\system\CodeIgniter.php(326): CodeIgniter\CodeIgniter->handleRequest(NULL, Object(Config\Cache), false)
#9 C:\Users\redmibook\Videos\CBT\public\index.php(37): CodeIgniter\CodeIgniter->run()
#10 C:\Users\redmibook\Videos\CBT\system\Commands\Server\rewrite.php(43): require_once('C:\\Users\\redmib...')
#11 {main}
CRITICAL - 2025-02-17 21:53:57 --> Too few arguments to function App\Models\M_belajar::joincount(), 4 passed in C:\Users\redmibook\Videos\CBT\app\Controllers\Home.php on line 260 and exactly 5 expected
#0 C:\Users\redmibook\Videos\CBT\app\Controllers\Home.php(260): App\Models\M_belajar->joincount('exam', 'question', 'question.id_exa...', 'exam.id_exam')
#1 C:\Users\redmibook\Videos\CBT\system\CodeIgniter.php(832): App\Controllers\Home->listing()
#2 C:\Users\redmibook\Videos\CBT\system\CodeIgniter.php(419): CodeIgniter\CodeIgniter->runController(Object(App\Controllers\Home))
#3 C:\Users\redmibook\Videos\CBT\system\CodeIgniter.php(326): CodeIgniter\CodeIgniter->handleRequest(NULL, Object(Config\Cache), false)
#4 C:\Users\redmibook\Videos\CBT\public\index.php(37): CodeIgniter\CodeIgniter->run()
#5 C:\Users\redmibook\Videos\CBT\system\Commands\Server\rewrite.php(43): require_once('C:\\Users\\redmib...')
#6 {main}
CRITICAL - 2025-02-17 21:54:48 --> Too few arguments to function App\Controllers\Home::detail(), 0 passed in C:\Users\redmibook\Videos\CBT\system\CodeIgniter.php on line 832 and exactly 1 expected
#0 C:\Users\redmibook\Videos\CBT\system\CodeIgniter.php(832): App\Controllers\Home->detail()
#1 C:\Users\redmibook\Videos\CBT\system\CodeIgniter.php(419): CodeIgniter\CodeIgniter->runController(Object(App\Controllers\Home))
#2 C:\Users\redmibook\Videos\CBT\system\CodeIgniter.php(326): CodeIgniter\CodeIgniter->handleRequest(NULL, Object(Config\Cache), false)
#3 C:\Users\redmibook\Videos\CBT\public\index.php(37): CodeIgniter\CodeIgniter->run()
#4 C:\Users\redmibook\Videos\CBT\system\Commands\Server\rewrite.php(43): require_once('C:\\Users\\redmib...')
#5 {main}
CRITICAL - 2025-02-17 21:55:34 --> Too few arguments to function App\Controllers\Home::detail(), 0 passed in C:\Users\redmibook\Videos\CBT\system\CodeIgniter.php on line 832 and exactly 1 expected
#0 C:\Users\redmibook\Videos\CBT\system\CodeIgniter.php(832): App\Controllers\Home->detail()
#1 C:\Users\redmibook\Videos\CBT\system\CodeIgniter.php(419): CodeIgniter\CodeIgniter->runController(Object(App\Controllers\Home))
#2 C:\Users\redmibook\Videos\CBT\system\CodeIgniter.php(326): CodeIgniter\CodeIgniter->handleRequest(NULL, Object(Config\Cache), false)
#3 C:\Users\redmibook\Videos\CBT\public\index.php(37): CodeIgniter\CodeIgniter->run()
#4 C:\Users\redmibook\Videos\CBT\system\Commands\Server\rewrite.php(43): require_once('C:\\Users\\redmib...')
#5 {main}
CRITICAL - 2025-02-17 21:59:05 --> syntax error, unexpected 'as' (T_AS)
#0 C:\Users\redmibook\Videos\CBT\system\View\View.php(213): CodeIgniter\View\View->CodeIgniter\View\{closure}()
#1 C:\Users\redmibook\Videos\CBT\system\Common.php(1089): CodeIgniter\View\View->render('listing-page', Array, true)
#2 C:\Users\redmibook\Videos\CBT\app\Controllers\Home.php(263): view('listing-page', Array)
#3 C:\Users\redmibook\Videos\CBT\system\CodeIgniter.php(832): App\Controllers\Home->listing()
#4 C:\Users\redmibook\Videos\CBT\system\CodeIgniter.php(419): CodeIgniter\CodeIgniter->runController(Object(App\Controllers\Home))
#5 C:\Users\redmibook\Videos\CBT\system\CodeIgniter.php(326): CodeIgniter\CodeIgniter->handleRequest(NULL, Object(Config\Cache), false)
#6 C:\Users\redmibook\Videos\CBT\public\index.php(37): CodeIgniter\CodeIgniter->run()
#7 C:\Users\redmibook\Videos\CBT\system\Commands\Server\rewrite.php(43): require_once('C:\\Users\\redmib...')
#8 {main}
CRITICAL - 2025-02-17 22:23:12 --> array_slice() expects parameter 1 to be array, object given
#0 [internal function]: CodeIgniter\Debug\Exceptions->errorHandler(2, 'array_slice() e...', 'C:\\Users\\redmib...', 79, Array)
#1 C:\Users\redmibook\Videos\CBT\app\Views\detail-page.php(79): array_slice(Object(stdClass), 0, 3)
#2 C:\Users\redmibook\Videos\CBT\system\View\View.php(210): include('C:\\Users\\redmib...')
#3 C:\Users\redmibook\Videos\CBT\system\View\View.php(213): CodeIgniter\View\View->CodeIgniter\View\{closure}()
#4 C:\Users\redmibook\Videos\CBT\system\Common.php(1089): CodeIgniter\View\View->render('detail-page', Array, true)
#5 C:\Users\redmibook\Videos\CBT\app\Controllers\Home.php(278): view('detail-page', Array)
#6 C:\Users\redmibook\Videos\CBT\system\CodeIgniter.php(832): App\Controllers\Home->detail('2')
#7 C:\Users\redmibook\Videos\CBT\system\CodeIgniter.php(419): CodeIgniter\CodeIgniter->runController(Object(App\Controllers\Home))
#8 C:\Users\redmibook\Videos\CBT\system\CodeIgniter.php(326): CodeIgniter\CodeIgniter->handleRequest(NULL, Object(Config\Cache), false)
#9 C:\Users\redmibook\Videos\CBT\public\index.php(37): CodeIgniter\CodeIgniter->run()
#10 C:\Users\redmibook\Videos\CBT\system\Commands\Server\rewrite.php(43): require_once('C:\\Users\\redmib...')
#11 {main}
CRITICAL - 2025-02-17 22:24:05 --> array_slice() expects parameter 1 to be array, object given
#0 [internal function]: CodeIgniter\Debug\Exceptions->errorHandler(2, 'array_slice() e...', 'C:\\Users\\redmib...', 79, Array)
#1 C:\Users\redmibook\Videos\CBT\app\Views\detail-page.php(79): array_slice(Object(stdClass), 0, 3)
#2 C:\Users\redmibook\Videos\CBT\system\View\View.php(210): include('C:\\Users\\redmib...')
#3 C:\Users\redmibook\Videos\CBT\system\View\View.php(213): CodeIgniter\View\View->CodeIgniter\View\{closure}()
#4 C:\Users\redmibook\Videos\CBT\system\Common.php(1089): CodeIgniter\View\View->render('detail-page', Array, true)
#5 C:\Users\redmibook\Videos\CBT\app\Controllers\Home.php(278): view('detail-page', Array)
#6 C:\Users\redmibook\Videos\CBT\system\CodeIgniter.php(832): App\Controllers\Home->detail('3')
#7 C:\Users\redmibook\Videos\CBT\system\CodeIgniter.php(419): CodeIgniter\CodeIgniter->runController(Object(App\Controllers\Home))
#8 C:\Users\redmibook\Videos\CBT\system\CodeIgniter.php(326): CodeIgniter\CodeIgniter->handleRequest(NULL, Object(Config\Cache), false)
#9 C:\Users\redmibook\Videos\CBT\public\index.php(37): CodeIgniter\CodeIgniter->run()
#10 C:\Users\redmibook\Videos\CBT\system\Commands\Server\rewrite.php(43): require_once('C:\\Users\\redmib...')
#11 {main}
