CRITICAL - 2025-02-11 18:32:26 --> Request URI segment is out of range: 1
#0 C:\Users\redmibook\Videos\CBT\system\HTTP\URI.php(529): CodeIgniter\HTTP\Exceptions\HTTPException::forURISegmentOutOfRange(1)
#1 C:\Users\redmibook\Videos\CBT\app\Views\menu.php(2): CodeIgniter\HTTP\URI->getSegment(1)
#2 C:\Users\redmibook\Videos\CBT\system\View\View.php(210): include('C:\\Users\\redmib...')
#3 C:\Users\redmibook\Videos\CBT\system\View\View.php(213): CodeIgniter\View\View->CodeIgniter\View\{closure}()
#4 C:\Users\redmibook\Videos\CBT\system\Common.php(1089): CodeIgniter\View\View->render('menu', Array, true)
#5 C:\Users\redmibook\Videos\CBT\app\Controllers\Home.php(13): view('menu')
#6 C:\Users\redmibook\Videos\CBT\system\CodeIgniter.php(832): App\Controllers\Home->index()
#7 C:\Users\redmibook\Videos\CBT\system\CodeIgniter.php(419): CodeIgniter\CodeIgniter->runController(Object(App\Controllers\Home))
#8 C:\Users\redmibook\Videos\CBT\system\CodeIgniter.php(326): CodeIgniter\CodeIgniter->handleRequest(NULL, Object(Config\Cache), false)
#9 C:\Users\redmibook\Videos\CBT\public\index.php(37): CodeIgniter\CodeIgniter->run()
#10 C:\Users\redmibook\Videos\CBT\system\Commands\Server\rewrite.php(43): require_once('C:\\Users\\redmib...')
#11 {main}
CRITICAL - 2025-02-11 18:32:27 --> Request URI segment is out of range: 1
#0 C:\Users\redmibook\Videos\CBT\system\HTTP\URI.php(529): CodeIgniter\HTTP\Exceptions\HTTPException::forURISegmentOutOfRange(1)
#1 C:\Users\redmibook\Videos\CBT\app\Views\menu.php(2): CodeIgniter\HTTP\URI->getSegment(1)
#2 C:\Users\redmibook\Videos\CBT\system\View\View.php(210): include('C:\\Users\\redmib...')
#3 C:\Users\redmibook\Videos\CBT\system\View\View.php(213): CodeIgniter\View\View->CodeIgniter\View\{closure}()
#4 C:\Users\redmibook\Videos\CBT\system\Common.php(1089): CodeIgniter\View\View->render('menu', Array, true)
#5 C:\Users\redmibook\Videos\CBT\app\Controllers\Home.php(13): view('menu')
#6 C:\Users\redmibook\Videos\CBT\system\CodeIgniter.php(832): App\Controllers\Home->index()
#7 C:\Users\redmibook\Videos\CBT\system\CodeIgniter.php(419): CodeIgniter\CodeIgniter->runController(Object(App\Controllers\Home))
#8 C:\Users\redmibook\Videos\CBT\system\CodeIgniter.php(326): CodeIgniter\CodeIgniter->handleRequest(NULL, Object(Config\Cache), false)
#9 C:\Users\redmibook\Videos\CBT\public\index.php(37): CodeIgniter\CodeIgniter->run()
#10 C:\Users\redmibook\Videos\CBT\system\Commands\Server\rewrite.php(43): require_once('C:\\Users\\redmib...')
#11 {main}
CRITICAL - 2025-02-11 18:32:27 --> Request URI segment is out of range: 1
#0 C:\Users\redmibook\Videos\CBT\system\HTTP\URI.php(529): CodeIgniter\HTTP\Exceptions\HTTPException::forURISegmentOutOfRange(1)
#1 C:\Users\redmibook\Videos\CBT\app\Views\menu.php(2): CodeIgniter\HTTP\URI->getSegment(1)
#2 C:\Users\redmibook\Videos\CBT\system\View\View.php(210): include('C:\\Users\\redmib...')
#3 C:\Users\redmibook\Videos\CBT\system\View\View.php(213): CodeIgniter\View\View->CodeIgniter\View\{closure}()
#4 C:\Users\redmibook\Videos\CBT\system\Common.php(1089): CodeIgniter\View\View->render('menu', Array, true)
#5 C:\Users\redmibook\Videos\CBT\app\Controllers\Home.php(13): view('menu')
#6 C:\Users\redmibook\Videos\CBT\system\CodeIgniter.php(832): App\Controllers\Home->index()
#7 C:\Users\redmibook\Videos\CBT\system\CodeIgniter.php(419): CodeIgniter\CodeIgniter->runController(Object(App\Controllers\Home))
#8 C:\Users\redmibook\Videos\CBT\system\CodeIgniter.php(326): CodeIgniter\CodeIgniter->handleRequest(NULL, Object(Config\Cache), false)
#9 C:\Users\redmibook\Videos\CBT\public\index.php(37): CodeIgniter\CodeIgniter->run()
#10 C:\Users\redmibook\Videos\CBT\system\Commands\Server\rewrite.php(43): require_once('C:\\Users\\redmib...')
#11 {main}
CRITICAL - 2025-02-11 18:32:28 --> Request URI segment is out of range: 1
#0 C:\Users\redmibook\Videos\CBT\system\HTTP\URI.php(529): CodeIgniter\HTTP\Exceptions\HTTPException::forURISegmentOutOfRange(1)
#1 C:\Users\redmibook\Videos\CBT\app\Views\menu.php(2): CodeIgniter\HTTP\URI->getSegment(1)
#2 C:\Users\redmibook\Videos\CBT\system\View\View.php(210): include('C:\\Users\\redmib...')
#3 C:\Users\redmibook\Videos\CBT\system\View\View.php(213): CodeIgniter\View\View->CodeIgniter\View\{closure}()
#4 C:\Users\redmibook\Videos\CBT\system\Common.php(1089): CodeIgniter\View\View->render('menu', Array, true)
#5 C:\Users\redmibook\Videos\CBT\app\Controllers\Home.php(13): view('menu')
#6 C:\Users\redmibook\Videos\CBT\system\CodeIgniter.php(832): App\Controllers\Home->index()
#7 C:\Users\redmibook\Videos\CBT\system\CodeIgniter.php(419): CodeIgniter\CodeIgniter->runController(Object(App\Controllers\Home))
#8 C:\Users\redmibook\Videos\CBT\system\CodeIgniter.php(326): CodeIgniter\CodeIgniter->handleRequest(NULL, Object(Config\Cache), false)
#9 C:\Users\redmibook\Videos\CBT\public\index.php(37): CodeIgniter\CodeIgniter->run()
#10 C:\Users\redmibook\Videos\CBT\system\Commands\Server\rewrite.php(43): require_once('C:\\Users\\redmib...')
#11 {main}
CRITICAL - 2025-02-11 18:33:10 --> Request URI segment is out of range: 1
#0 C:\Users\redmibook\Videos\CBT\system\HTTP\URI.php(529): CodeIgniter\HTTP\Exceptions\HTTPException::forURISegmentOutOfRange(1)
#1 C:\Users\redmibook\Videos\CBT\app\Views\menu.php(2): CodeIgniter\HTTP\URI->getSegment(1)
#2 C:\Users\redmibook\Videos\CBT\system\View\View.php(210): include('C:\\Users\\redmib...')
#3 C:\Users\redmibook\Videos\CBT\system\View\View.php(213): CodeIgniter\View\View->CodeIgniter\View\{closure}()
#4 C:\Users\redmibook\Videos\CBT\system\Common.php(1089): CodeIgniter\View\View->render('menu', Array, true)
#5 C:\Users\redmibook\Videos\CBT\app\Controllers\Home.php(13): view('menu')
#6 C:\Users\redmibook\Videos\CBT\system\CodeIgniter.php(832): App\Controllers\Home->index()
#7 C:\Users\redmibook\Videos\CBT\system\CodeIgniter.php(419): CodeIgniter\CodeIgniter->runController(Object(App\Controllers\Home))
#8 C:\Users\redmibook\Videos\CBT\system\CodeIgniter.php(326): CodeIgniter\CodeIgniter->handleRequest(NULL, Object(Config\Cache), false)
#9 C:\Users\redmibook\Videos\CBT\public\index.php(37): CodeIgniter\CodeIgniter->run()
#10 {main}
CRITICAL - 2025-02-11 18:33:11 --> Request URI segment is out of range: 1
#0 C:\Users\redmibook\Videos\CBT\system\HTTP\URI.php(529): CodeIgniter\HTTP\Exceptions\HTTPException::forURISegmentOutOfRange(1)
#1 C:\Users\redmibook\Videos\CBT\app\Views\menu.php(2): CodeIgniter\HTTP\URI->getSegment(1)
#2 C:\Users\redmibook\Videos\CBT\system\View\View.php(210): include('C:\\Users\\redmib...')
#3 C:\Users\redmibook\Videos\CBT\system\View\View.php(213): CodeIgniter\View\View->CodeIgniter\View\{closure}()
#4 C:\Users\redmibook\Videos\CBT\system\Common.php(1089): CodeIgniter\View\View->render('menu', Array, true)
#5 C:\Users\redmibook\Videos\CBT\app\Controllers\Home.php(13): view('menu')
#6 C:\Users\redmibook\Videos\CBT\system\CodeIgniter.php(832): App\Controllers\Home->index()
#7 C:\Users\redmibook\Videos\CBT\system\CodeIgniter.php(419): CodeIgniter\CodeIgniter->runController(Object(App\Controllers\Home))
#8 C:\Users\redmibook\Videos\CBT\system\CodeIgniter.php(326): CodeIgniter\CodeIgniter->handleRequest(NULL, Object(Config\Cache), false)
#9 C:\Users\redmibook\Videos\CBT\public\index.php(37): CodeIgniter\CodeIgniter->run()
#10 {main}
CRITICAL - 2025-02-11 18:35:11 --> Class 'PHPMailer\PHPMailer\PHPMailer' not found
#0 C:\Users\redmibook\Videos\CBT\system\CodeIgniter.php(832): App\Controllers\Home->forgot_password()
#1 C:\Users\redmibook\Videos\CBT\system\CodeIgniter.php(419): CodeIgniter\CodeIgniter->runController(Object(App\Controllers\Home))
#2 C:\Users\redmibook\Videos\CBT\system\CodeIgniter.php(326): CodeIgniter\CodeIgniter->handleRequest(NULL, Object(Config\Cache), false)
#3 C:\Users\redmibook\Videos\CBT\public\index.php(37): CodeIgniter\CodeIgniter->run()
#4 C:\Users\redmibook\Videos\CBT\system\Commands\Server\rewrite.php(43): require_once('C:\\Users\\redmib...')
#5 {main}
CRITICAL - 2025-02-11 18:46:37 --> Request URI segment is out of range: 1
#0 C:\Users\redmibook\Videos\CBT\system\HTTP\URI.php(529): CodeIgniter\HTTP\Exceptions\HTTPException::forURISegmentOutOfRange(1)
#1 C:\Users\redmibook\Videos\CBT\app\Views\menu.php(2): CodeIgniter\HTTP\URI->getSegment(1)
#2 C:\Users\redmibook\Videos\CBT\system\View\View.php(210): include('C:\\Users\\redmib...')
#3 C:\Users\redmibook\Videos\CBT\system\View\View.php(213): CodeIgniter\View\View->CodeIgniter\View\{closure}()
#4 C:\Users\redmibook\Videos\CBT\system\Common.php(1089): CodeIgniter\View\View->render('menu', Array, true)
#5 C:\Users\redmibook\Videos\CBT\app\Controllers\Home.php(13): view('menu')
#6 C:\Users\redmibook\Videos\CBT\system\CodeIgniter.php(832): App\Controllers\Home->index()
#7 C:\Users\redmibook\Videos\CBT\system\CodeIgniter.php(419): CodeIgniter\CodeIgniter->runController(Object(App\Controllers\Home))
#8 C:\Users\redmibook\Videos\CBT\system\CodeIgniter.php(326): CodeIgniter\CodeIgniter->handleRequest(NULL, Object(Config\Cache), false)
#9 C:\Users\redmibook\Videos\CBT\public\index.php(37): CodeIgniter\CodeIgniter->run()
#10 C:\Users\redmibook\Videos\CBT\system\Commands\Server\rewrite.php(43): require_once('C:\\Users\\redmib...')
#11 {main}
CRITICAL - 2025-02-11 22:00:38 --> Request URI segment is out of range: 1
#0 C:\Users\redmibook\Videos\CBT\system\HTTP\URI.php(529): CodeIgniter\HTTP\Exceptions\HTTPException::forURISegmentOutOfRange(1)
#1 C:\Users\redmibook\Videos\CBT\app\Views\menu.php(2): CodeIgniter\HTTP\URI->getSegment(1)
#2 C:\Users\redmibook\Videos\CBT\system\View\View.php(210): include('C:\\Users\\redmib...')
#3 C:\Users\redmibook\Videos\CBT\system\View\View.php(213): CodeIgniter\View\View->CodeIgniter\View\{closure}()
#4 C:\Users\redmibook\Videos\CBT\system\Common.php(1089): CodeIgniter\View\View->render('menu', Array, true)
#5 C:\Users\redmibook\Videos\CBT\app\Controllers\Home.php(13): view('menu')
#6 C:\Users\redmibook\Videos\CBT\system\CodeIgniter.php(832): App\Controllers\Home->index()
#7 C:\Users\redmibook\Videos\CBT\system\CodeIgniter.php(419): CodeIgniter\CodeIgniter->runController(Object(App\Controllers\Home))
#8 C:\Users\redmibook\Videos\CBT\system\CodeIgniter.php(326): CodeIgniter\CodeIgniter->handleRequest(NULL, Object(Config\Cache), false)
#9 C:\Users\redmibook\Videos\CBT\public\index.php(37): CodeIgniter\CodeIgniter->run()
#10 C:\Users\redmibook\Videos\CBT\system\Commands\Server\rewrite.php(43): require_once('C:\\Users\\redmib...')
#11 {main}
CRITICAL - 2025-02-11 22:46:38 --> syntax error, unexpected '✅' (T_STRING)
#0 C:\Users\redmibook\Videos\CBT\system\Router\Router.php(175): CodeIgniter\Router\Router->autoRoute('home/reset_pass...')
#1 C:\Users\redmibook\Videos\CBT\system\CodeIgniter.php(726): CodeIgniter\Router\Router->handle('home/reset_pass...')
#2 C:\Users\redmibook\Videos\CBT\system\CodeIgniter.php(368): CodeIgniter\CodeIgniter->tryToRouteIt(Object(CodeIgniter\Router\RouteCollection))
#3 C:\Users\redmibook\Videos\CBT\system\CodeIgniter.php(326): CodeIgniter\CodeIgniter->handleRequest(NULL, Object(Config\Cache), false)
#4 C:\Users\redmibook\Videos\CBT\public\index.php(37): CodeIgniter\CodeIgniter->run()
#5 C:\Users\redmibook\Videos\CBT\system\Commands\Server\rewrite.php(43): require_once('C:\\Users\\redmib...')
#6 {main}
CRITICAL - 2025-02-11 23:10:48 --> syntax error, unexpected '$data' (T_VARIABLE), expecting ';' or ','
#0 C:\Users\redmibook\Videos\CBT\system\Router\Router.php(175): CodeIgniter\Router\Router->autoRoute('home/logout')
#1 C:\Users\redmibook\Videos\CBT\system\CodeIgniter.php(726): CodeIgniter\Router\Router->handle('home/logout')
#2 C:\Users\redmibook\Videos\CBT\system\CodeIgniter.php(368): CodeIgniter\CodeIgniter->tryToRouteIt(Object(CodeIgniter\Router\RouteCollection))
#3 C:\Users\redmibook\Videos\CBT\system\CodeIgniter.php(326): CodeIgniter\CodeIgniter->handleRequest(NULL, Object(Config\Cache), false)
#4 C:\Users\redmibook\Videos\CBT\public\index.php(37): CodeIgniter\CodeIgniter->run()
#5 C:\Users\redmibook\Videos\CBT\system\Commands\Server\rewrite.php(43): require_once('C:\\Users\\redmib...')
#6 {main}
