CRITICAL - 2025-02-16 05:21:00 --> Request URI segment is out of range: 1
#0 C:\Users\redmibook\Videos\CBT\system\HTTP\URI.php(529): CodeIgniter\HTTP\Exceptions\HTTPException::forURISegmentOutOfRange(1)
#1 C:\Users\redmibook\Videos\CBT\app\Views\menu.php(2): CodeIgniter\HTTP\URI->getSegment(1)
#2 C:\Users\redmibook\Videos\CBT\system\View\View.php(210): include('C:\\Users\\redmib...')
#3 C:\Users\redmibook\Videos\CBT\system\View\View.php(213): CodeIgniter\View\View->CodeIgniter\View\{closure}()
#4 C:\Users\redmibook\Videos\CBT\system\Common.php(1089): CodeIgniter\View\View->render('menu', Array, true)
#5 C:\Users\redmibook\Videos\CBT\app\Controllers\Home.php(15): view('menu')
#6 C:\Users\redmibook\Videos\CBT\system\CodeIgniter.php(832): App\Controllers\Home->index()
#7 C:\Users\redmibook\Videos\CBT\system\CodeIgniter.php(419): CodeIgniter\CodeIgniter->runController(Object(App\Controllers\Home))
#8 C:\Users\redmibook\Videos\CBT\system\CodeIgniter.php(326): CodeIgniter\CodeIgniter->handleRequest(NULL, Object(Config\Cache), false)
#9 C:\Users\redmibook\Videos\CBT\public\index.php(37): CodeIgniter\CodeIgniter->run()
#10 C:\Users\redmibook\Videos\CBT\system\Commands\Server\rewrite.php(43): require_once('C:\\Users\\redmib...')
#11 {main}
CRITICAL - 2025-02-16 10:17:39 --> Request URI segment is out of range: 1
#0 C:\Users\redmibook\Videos\CBT\system\HTTP\URI.php(529): CodeIgniter\HTTP\Exceptions\HTTPException::forURISegmentOutOfRange(1)
#1 C:\Users\redmibook\Videos\CBT\app\Views\menu.php(2): CodeIgniter\HTTP\URI->getSegment(1)
#2 C:\Users\redmibook\Videos\CBT\system\View\View.php(210): include('C:\\Users\\redmib...')
#3 C:\Users\redmibook\Videos\CBT\system\View\View.php(213): CodeIgniter\View\View->CodeIgniter\View\{closure}()
#4 C:\Users\redmibook\Videos\CBT\system\Common.php(1089): CodeIgniter\View\View->render('menu', Array, true)
#5 C:\Users\redmibook\Videos\CBT\app\Controllers\Home.php(15): view('menu')
#6 C:\Users\redmibook\Videos\CBT\system\CodeIgniter.php(832): App\Controllers\Home->index()
#7 C:\Users\redmibook\Videos\CBT\system\CodeIgniter.php(419): CodeIgniter\CodeIgniter->runController(Object(App\Controllers\Home))
#8 C:\Users\redmibook\Videos\CBT\system\CodeIgniter.php(326): CodeIgniter\CodeIgniter->handleRequest(NULL, Object(Config\Cache), false)
#9 C:\Users\redmibook\Videos\CBT\public\index.php(37): CodeIgniter\CodeIgniter->run()
#10 C:\Users\redmibook\Videos\CBT\system\Commands\Server\rewrite.php(43): require_once('C:\\Users\\redmib...')
#11 {main}
CRITICAL - 2025-02-16 10:30:14 --> syntax error, unexpected '$confirmPassword' (T_VARIABLE)
#0 C:\Users\redmibook\Videos\CBT\system\Router\Router.php(175): CodeIgniter\Router\Router->autoRoute('home/forgorpass')
#1 C:\Users\redmibook\Videos\CBT\system\CodeIgniter.php(726): CodeIgniter\Router\Router->handle('home/forgorpass')
#2 C:\Users\redmibook\Videos\CBT\system\CodeIgniter.php(368): CodeIgniter\CodeIgniter->tryToRouteIt(Object(CodeIgniter\Router\RouteCollection))
#3 C:\Users\redmibook\Videos\CBT\system\CodeIgniter.php(326): CodeIgniter\CodeIgniter->handleRequest(NULL, Object(Config\Cache), false)
#4 C:\Users\redmibook\Videos\CBT\public\index.php(37): CodeIgniter\CodeIgniter->run()
#5 C:\Users\redmibook\Videos\CBT\system\Commands\Server\rewrite.php(43): require_once('C:\\Users\\redmib...')
#6 {main}
CRITICAL - 2025-02-16 10:30:59 --> syntax error, unexpected 'date_default_timezone_set' (T_STRING)
#0 C:\Users\redmibook\Videos\CBT\system\Router\Router.php(175): CodeIgniter\Router\Router->autoRoute('home/forgorpass')
#1 C:\Users\redmibook\Videos\CBT\system\CodeIgniter.php(726): CodeIgniter\Router\Router->handle('home/forgorpass')
#2 C:\Users\redmibook\Videos\CBT\system\CodeIgniter.php(368): CodeIgniter\CodeIgniter->tryToRouteIt(Object(CodeIgniter\Router\RouteCollection))
#3 C:\Users\redmibook\Videos\CBT\system\CodeIgniter.php(326): CodeIgniter\CodeIgniter->handleRequest(NULL, Object(Config\Cache), false)
#4 C:\Users\redmibook\Videos\CBT\public\index.php(37): CodeIgniter\CodeIgniter->run()
#5 C:\Users\redmibook\Videos\CBT\system\Commands\Server\rewrite.php(43): require_once('C:\\Users\\redmib...')
#6 {main}
